19:21:15 INFO  : Registering command handlers for SDK TCF services
19:21:21 INFO  : Launching XSCT server: xsct -n -interactive /home/inf2015/vbiliouri/drum_synthesis/drum_synthesis.sdk/temp_xsdb_launch_script.tcl
19:21:22 INFO  : XSCT server has started successfully.
19:21:22 INFO  : Successfully done setting XSCT server connection channel  
19:21:22 INFO  : Processing command line option -hwspec /home/inf2015/vbiliouri/drum_synthesis/drum_synthesis.sdk/design_1_wrapper.hdf.
19:21:22 INFO  : Successfully done setting SDK workspace  
19:22:41 INFO  : Refreshed build settings on project audio_controller
19:23:04 INFO  : Inferring section assignments and sizes from elf file: /home/inf2015/vbiliouri/drum_synthesis/drum_synthesis.sdk/audio_controller/Debug/audio_controller.elf
19:23:15 INFO  : Successfully generated /home/inf2015/vbiliouri/drum_synthesis/drum_synthesis.sdk/audio_controller/src/lscript.ld.
19:23:15 INFO  : Applying linker script to all configurations of project audio_controller.
19:23:15 INFO  : Setting rebuild state to true for all configurations of project audio_controller.
19:23:24 INFO  : Connected to target on host '127.0.0.1' and port '3121'.
19:23:24 INFO  : 'targets -set -filter {jtag_cable_name =~ "Digilent Zed 210248650715" && level==0} -index 1' command is executed.
19:23:26 INFO  : FPGA configured successfully with bitstream "/home/inf2015/vbiliouri/drum_synthesis/drum_synthesis.sdk/design_1_wrapper_hw_platform_0/design_1_wrapper.bit"
19:23:40 INFO  : ps7_init is completed.
19:23:40 INFO  : ps7_post_config is completed.
19:23:41 INFO  : Processor reset is completed for ps7_cortexa9_0
19:34:39 ERROR : Unexpected error while parsing XMD response ￿: com.google.gson.JsonSyntaxException: com.google.gson.stream.MalformedJsonException: invalid number or unquoted string near 
12:17:13 INFO  : Registering command handlers for SDK TCF services
12:17:14 INFO  : Launching XSCT server: xsct.bat -interactive C:\drum_synthesis\drum_synthesis.sdk\temp_xsdb_launch_script.tcl
12:17:18 INFO  : XSCT server has started successfully.
12:17:18 INFO  : Successfully done setting XSCT server connection channel  
12:17:25 INFO  : Successfully done setting SDK workspace  
12:17:25 INFO  : Processing command line option -hwspec C:/drum_synthesis/drum_synthesis.sdk/design_1_wrapper.hdf.
