
*** Running vivado
    with args -log design_1_axi_fifo_mm_s_0_0.vds -m64 -product Vivado -mode batch -messageDb vivado.pb -notrace -source design_1_axi_fifo_mm_s_0_0.tcl


****** Vivado v2017.2 (64-bit)
  **** SW Build 1909853 on Thu Jun 15 18:39:09 MDT 2017
  **** IP Build 1909766 on Thu Jun 15 19:58:00 MDT 2017
    ** Copyright 1986-2017 Xilinx, Inc. All Rights Reserved.

source design_1_axi_fifo_mm_s_0_0.tcl -notrace
Starting RTL Elaboration : Time (s): cpu = 00:00:05 ; elapsed = 00:00:05 . Memory (MB): peak = 373.105 ; gain = 81.773
INFO: [Synth 8-638] synthesizing module 'design_1_axi_fifo_mm_s_0_0' [c:/drum_synthesis/drum_synthesis.srcs/sources_1/bd/design_1/ip/design_1_axi_fifo_mm_s_0_0/synth/design_1_axi_fifo_mm_s_0_0.vhd:96]
INFO: [Synth 8-638] synthesizing module 'axi_fifo_mm_s' [c:/drum_synthesis/drum_synthesis.srcs/sources_1/bd/design_1/ipshared/f65a/hdl/axi_fifo_mm_s_v4_1_rfs.vhd:5045]
INFO: [Synth 8-638] synthesizing module 'axi_lite_ipif' [c:/drum_synthesis/drum_synthesis.srcs/sources_1/bd/design_1/ipshared/0ba0/hdl/axi_lite_ipif_v3_0_vh_rfs.vhd:2948]
INFO: [Synth 8-638] synthesizing module 'slave_attachment' [c:/drum_synthesis/drum_synthesis.srcs/sources_1/bd/design_1/ipshared/0ba0/hdl/axi_lite_ipif_v3_0_vh_rfs.vhd:2341]
INFO: [Synth 8-638] synthesizing module 'address_decoder' [c:/drum_synthesis/drum_synthesis.srcs/sources_1/bd/design_1/ipshared/0ba0/hdl/axi_lite_ipif_v3_0_vh_rfs.vhd:1775]
INFO: [Synth 8-638] synthesizing module 'pselect_f' [c:/drum_synthesis/drum_synthesis.srcs/sources_1/bd/design_1/ipshared/0ba0/hdl/axi_lite_ipif_v3_0_vh_rfs.vhd:1534]
INFO: [Synth 8-256] done synthesizing module 'pselect_f' (1#1) [c:/drum_synthesis/drum_synthesis.srcs/sources_1/bd/design_1/ipshared/0ba0/hdl/axi_lite_ipif_v3_0_vh_rfs.vhd:1534]
INFO: [Synth 8-638] synthesizing module 'pselect_f__parameterized0' [c:/drum_synthesis/drum_synthesis.srcs/sources_1/bd/design_1/ipshared/0ba0/hdl/axi_lite_ipif_v3_0_vh_rfs.vhd:1534]
INFO: [Synth 8-256] done synthesizing module 'pselect_f__parameterized0' (1#1) [c:/drum_synthesis/drum_synthesis.srcs/sources_1/bd/design_1/ipshared/0ba0/hdl/axi_lite_ipif_v3_0_vh_rfs.vhd:1534]
INFO: [Synth 8-638] synthesizing module 'pselect_f__parameterized1' [c:/drum_synthesis/drum_synthesis.srcs/sources_1/bd/design_1/ipshared/0ba0/hdl/axi_lite_ipif_v3_0_vh_rfs.vhd:1534]
INFO: [Synth 8-256] done synthesizing module 'pselect_f__parameterized1' (1#1) [c:/drum_synthesis/drum_synthesis.srcs/sources_1/bd/design_1/ipshared/0ba0/hdl/axi_lite_ipif_v3_0_vh_rfs.vhd:1534]
INFO: [Synth 8-638] synthesizing module 'pselect_f__parameterized2' [c:/drum_synthesis/drum_synthesis.srcs/sources_1/bd/design_1/ipshared/0ba0/hdl/axi_lite_ipif_v3_0_vh_rfs.vhd:1534]
INFO: [Synth 8-256] done synthesizing module 'pselect_f__parameterized2' (1#1) [c:/drum_synthesis/drum_synthesis.srcs/sources_1/bd/design_1/ipshared/0ba0/hdl/axi_lite_ipif_v3_0_vh_rfs.vhd:1534]
INFO: [Synth 8-638] synthesizing module 'pselect_f__parameterized3' [c:/drum_synthesis/drum_synthesis.srcs/sources_1/bd/design_1/ipshared/0ba0/hdl/axi_lite_ipif_v3_0_vh_rfs.vhd:1534]
INFO: [Synth 8-256] done synthesizing module 'pselect_f__parameterized3' (1#1) [c:/drum_synthesis/drum_synthesis.srcs/sources_1/bd/design_1/ipshared/0ba0/hdl/axi_lite_ipif_v3_0_vh_rfs.vhd:1534]
INFO: [Synth 8-638] synthesizing module 'pselect_f__parameterized4' [c:/drum_synthesis/drum_synthesis.srcs/sources_1/bd/design_1/ipshared/0ba0/hdl/axi_lite_ipif_v3_0_vh_rfs.vhd:1534]
INFO: [Synth 8-256] done synthesizing module 'pselect_f__parameterized4' (1#1) [c:/drum_synthesis/drum_synthesis.srcs/sources_1/bd/design_1/ipshared/0ba0/hdl/axi_lite_ipif_v3_0_vh_rfs.vhd:1534]
INFO: [Synth 8-638] synthesizing module 'pselect_f__parameterized5' [c:/drum_synthesis/drum_synthesis.srcs/sources_1/bd/design_1/ipshared/0ba0/hdl/axi_lite_ipif_v3_0_vh_rfs.vhd:1534]
INFO: [Synth 8-256] done synthesizing module 'pselect_f__parameterized5' (1#1) [c:/drum_synthesis/drum_synthesis.srcs/sources_1/bd/design_1/ipshared/0ba0/hdl/axi_lite_ipif_v3_0_vh_rfs.vhd:1534]
INFO: [Synth 8-638] synthesizing module 'pselect_f__parameterized6' [c:/drum_synthesis/drum_synthesis.srcs/sources_1/bd/design_1/ipshared/0ba0/hdl/axi_lite_ipif_v3_0_vh_rfs.vhd:1534]
INFO: [Synth 8-256] done synthesizing module 'pselect_f__parameterized6' (1#1) [c:/drum_synthesis/drum_synthesis.srcs/sources_1/bd/design_1/ipshared/0ba0/hdl/axi_lite_ipif_v3_0_vh_rfs.vhd:1534]
INFO: [Synth 8-638] synthesizing module 'pselect_f__parameterized7' [c:/drum_synthesis/drum_synthesis.srcs/sources_1/bd/design_1/ipshared/0ba0/hdl/axi_lite_ipif_v3_0_vh_rfs.vhd:1534]
INFO: [Synth 8-256] done synthesizing module 'pselect_f__parameterized7' (1#1) [c:/drum_synthesis/drum_synthesis.srcs/sources_1/bd/design_1/ipshared/0ba0/hdl/axi_lite_ipif_v3_0_vh_rfs.vhd:1534]
INFO: [Synth 8-638] synthesizing module 'pselect_f__parameterized8' [c:/drum_synthesis/drum_synthesis.srcs/sources_1/bd/design_1/ipshared/0ba0/hdl/axi_lite_ipif_v3_0_vh_rfs.vhd:1534]
INFO: [Synth 8-256] done synthesizing module 'pselect_f__parameterized8' (1#1) [c:/drum_synthesis/drum_synthesis.srcs/sources_1/bd/design_1/ipshared/0ba0/hdl/axi_lite_ipif_v3_0_vh_rfs.vhd:1534]
INFO: [Synth 8-638] synthesizing module 'pselect_f__parameterized9' [c:/drum_synthesis/drum_synthesis.srcs/sources_1/bd/design_1/ipshared/0ba0/hdl/axi_lite_ipif_v3_0_vh_rfs.vhd:1534]
INFO: [Synth 8-256] done synthesizing module 'pselect_f__parameterized9' (1#1) [c:/drum_synthesis/drum_synthesis.srcs/sources_1/bd/design_1/ipshared/0ba0/hdl/axi_lite_ipif_v3_0_vh_rfs.vhd:1534]
INFO: [Synth 8-638] synthesizing module 'pselect_f__parameterized10' [c:/drum_synthesis/drum_synthesis.srcs/sources_1/bd/design_1/ipshared/0ba0/hdl/axi_lite_ipif_v3_0_vh_rfs.vhd:1534]
INFO: [Synth 8-256] done synthesizing module 'pselect_f__parameterized10' (1#1) [c:/drum_synthesis/drum_synthesis.srcs/sources_1/bd/design_1/ipshared/0ba0/hdl/axi_lite_ipif_v3_0_vh_rfs.vhd:1534]
INFO: [Synth 8-638] synthesizing module 'pselect_f__parameterized11' [c:/drum_synthesis/drum_synthesis.srcs/sources_1/bd/design_1/ipshared/0ba0/hdl/axi_lite_ipif_v3_0_vh_rfs.vhd:1534]
INFO: [Synth 8-256] done synthesizing module 'pselect_f__parameterized11' (1#1) [c:/drum_synthesis/drum_synthesis.srcs/sources_1/bd/design_1/ipshared/0ba0/hdl/axi_lite_ipif_v3_0_vh_rfs.vhd:1534]
INFO: [Synth 8-256] done synthesizing module 'address_decoder' (2#1) [c:/drum_synthesis/drum_synthesis.srcs/sources_1/bd/design_1/ipshared/0ba0/hdl/axi_lite_ipif_v3_0_vh_rfs.vhd:1775]
INFO: [Synth 8-256] done synthesizing module 'slave_attachment' (3#1) [c:/drum_synthesis/drum_synthesis.srcs/sources_1/bd/design_1/ipshared/0ba0/hdl/axi_lite_ipif_v3_0_vh_rfs.vhd:2341]
INFO: [Synth 8-256] done synthesizing module 'axi_lite_ipif' (4#1) [c:/drum_synthesis/drum_synthesis.srcs/sources_1/bd/design_1/ipshared/0ba0/hdl/axi_lite_ipif_v3_0_vh_rfs.vhd:2948]
INFO: [Synth 8-638] synthesizing module 'ipic2axi_s' [c:/drum_synthesis/drum_synthesis.srcs/sources_1/bd/design_1/ipshared/f65a/hdl/axi_fifo_mm_s_v4_1_rfs.vhd:3912]
INFO: [Synth 8-638] synthesizing module 'fifo' [c:/drum_synthesis/drum_synthesis.srcs/sources_1/bd/design_1/ipshared/f65a/hdl/axi_fifo_mm_s_v4_1_rfs.vhd:3462]
INFO: [Synth 8-638] synthesizing module 'axis_fg' [c:/drum_synthesis/drum_synthesis.srcs/sources_1/bd/design_1/ipshared/f65a/hdl/axi_fifo_mm_s_v4_1_rfs.vhd:2689]
INFO: [Synth 8-256] done synthesizing module 'axis_fg' (34#1) [c:/drum_synthesis/drum_synthesis.srcs/sources_1/bd/design_1/ipshared/f65a/hdl/axi_fifo_mm_s_v4_1_rfs.vhd:2689]
INFO: [Synth 8-256] done synthesizing module 'fifo' (35#1) [c:/drum_synthesis/drum_synthesis.srcs/sources_1/bd/design_1/ipshared/f65a/hdl/axi_fifo_mm_s_v4_1_rfs.vhd:3462]
INFO: [Synth 8-638] synthesizing module 'fifo__parameterized0' [c:/drum_synthesis/drum_synthesis.srcs/sources_1/bd/design_1/ipshared/f65a/hdl/axi_fifo_mm_s_v4_1_rfs.vhd:3462]
INFO: [Synth 8-638] synthesizing module 'axis_fg__parameterized0' [c:/drum_synthesis/drum_synthesis.srcs/sources_1/bd/design_1/ipshared/f65a/hdl/axi_fifo_mm_s_v4_1_rfs.vhd:2689]
INFO: [Synth 8-256] done synthesizing module 'axis_fg__parameterized0' (35#1) [c:/drum_synthesis/drum_synthesis.srcs/sources_1/bd/design_1/ipshared/f65a/hdl/axi_fifo_mm_s_v4_1_rfs.vhd:2689]
INFO: [Synth 8-256] done synthesizing module 'fifo__parameterized0' (35#1) [c:/drum_synthesis/drum_synthesis.srcs/sources_1/bd/design_1/ipshared/f65a/hdl/axi_fifo_mm_s_v4_1_rfs.vhd:3462]
INFO: [Synth 8-638] synthesizing module 'sync_fifo_fg' [c:/drum_synthesis/drum_synthesis.srcs/sources_1/bd/design_1/ipshared/c387/hdl/lib_fifo_v1_0_rfs.vhd:2097]
INFO: [Synth 8-256] done synthesizing module 'sync_fifo_fg' (38#1) [c:/drum_synthesis/drum_synthesis.srcs/sources_1/bd/design_1/ipshared/c387/hdl/lib_fifo_v1_0_rfs.vhd:2097]
INFO: [Synth 8-256] done synthesizing module 'ipic2axi_s' (39#1) [c:/drum_synthesis/drum_synthesis.srcs/sources_1/bd/design_1/ipshared/f65a/hdl/axi_fifo_mm_s_v4_1_rfs.vhd:3912]
INFO: [Synth 8-256] done synthesizing module 'axi_fifo_mm_s' (40#1) [c:/drum_synthesis/drum_synthesis.srcs/sources_1/bd/design_1/ipshared/f65a/hdl/axi_fifo_mm_s_v4_1_rfs.vhd:5045]
INFO: [Synth 8-256] done synthesizing module 'design_1_axi_fifo_mm_s_0_0' (41#1) [c:/drum_synthesis/drum_synthesis.srcs/sources_1/bd/design_1/ip/design_1_axi_fifo_mm_s_0_0/synth/design_1_axi_fifo_mm_s_0_0.vhd:96]
Finished RTL Elaboration : Time (s): cpu = 00:00:47 ; elapsed = 00:00:49 . Memory (MB): peak = 597.730 ; gain = 306.398
Finished RTL Optimization Phase 1 : Time (s): cpu = 00:00:48 ; elapsed = 00:00:49 . Memory (MB): peak = 597.730 ; gain = 306.398
INFO: [Device 21-403] Loading part xc7z020clg484-1
Constraint Validation Runtime : Time (s): cpu = 00:00:00 ; elapsed = 00:00:00.038 . Memory (MB): peak = 741.207 ; gain = 0.000
Finished Constraint Validation : Time (s): cpu = 00:00:57 ; elapsed = 00:00:59 . Memory (MB): peak = 741.207 ; gain = 449.875
Finished Loading Part and Timing Information : Time (s): cpu = 00:00:57 ; elapsed = 00:00:59 . Memory (MB): peak = 741.207 ; gain = 449.875
Finished applying 'set_property' XDC Constraints : Time (s): cpu = 00:00:57 ; elapsed = 00:00:59 . Memory (MB): peak = 741.207 ; gain = 449.875
Finished RTL Optimization Phase 2 : Time (s): cpu = 00:00:59 ; elapsed = 00:01:01 . Memory (MB): peak = 741.207 ; gain = 449.875
Finished Cross Boundary and Area Optimization : Time (s): cpu = 00:01:02 ; elapsed = 00:01:05 . Memory (MB): peak = 741.207 ; gain = 449.875
---------------------------------------------------------------------------------
Start ROM, RAM, DSP and Shift Register Reporting
---------------------------------------------------------------------------------

Distributed RAM: Preliminary Mapping  Report (see note below)
+------------+-------------------------------------------------------------------------------------------------------------------------------------------------------+----------------+----------------------+-----------------------------+
|Module Name | RTL Object                                                                                                                                            | Inference      | Size (Depth x Width) | Primitives                  | 
+------------+-------------------------------------------------------------------------------------------------------------------------------------------------------+----------------+----------------------+-----------------------------+
|U0          | COMP_IPIC2AXI_S/grxd.COMP_rx_len_fifo/FAMILY_SUPPORTED.I_SYNC_FIFO_BRAM/inst_fifo_gen/gconvfifo.rf/grf.rf/gntv_or_sync_fifo.mem/gdm.dm_gen.dm/RAM_reg | User Attribute | 128 x 22             | RAM64X1D x 2  RAM64M x 14   | 
+------------+-------------------------------------------------------------------------------------------------------------------------------------------------------+----------------+----------------------+-----------------------------+

Note: The table above is a preliminary report that shows the Distributed RAMs at the current stage of the synthesis flow. Some Distributed RAMs may be reimplemented as non Distributed RAM primitives later in the synthesis flow. Multiple instantiated RAMs are reported only once.
---------------------------------------------------------------------------------
Finished ROM, RAM, DSP and Shift Register Reporting
---------------------------------------------------------------------------------
Finished Applying XDC Timing Constraints : Time (s): cpu = 00:01:12 ; elapsed = 00:01:14 . Memory (MB): peak = 741.207 ; gain = 449.875
Finished Timing Optimization : Time (s): cpu = 00:01:13 ; elapsed = 00:01:16 . Memory (MB): peak = 782.172 ; gain = 490.840
Finished Technology Mapping : Time (s): cpu = 00:01:14 ; elapsed = 00:01:17 . Memory (MB): peak = 782.172 ; gain = 490.840
Finished IO Insertion : Time (s): cpu = 00:01:15 ; elapsed = 00:01:17 . Memory (MB): peak = 782.172 ; gain = 490.840
Finished Renaming Generated Instances : Time (s): cpu = 00:01:15 ; elapsed = 00:01:17 . Memory (MB): peak = 782.172 ; gain = 490.840
Finished Rebuilding User Hierarchy : Time (s): cpu = 00:01:15 ; elapsed = 00:01:18 . Memory (MB): peak = 782.172 ; gain = 490.840
Finished Renaming Generated Ports : Time (s): cpu = 00:01:15 ; elapsed = 00:01:18 . Memory (MB): peak = 782.172 ; gain = 490.840
Finished Handling Custom Attributes : Time (s): cpu = 00:01:15 ; elapsed = 00:01:18 . Memory (MB): peak = 782.172 ; gain = 490.840
Finished Renaming Generated Nets : Time (s): cpu = 00:01:15 ; elapsed = 00:01:18 . Memory (MB): peak = 782.172 ; gain = 490.840

Report Cell Usage: 
+------+---------+------+
|      |Cell     |Count |
+------+---------+------+
|1     |CARRY4   |    54|
|2     |LUT1     |   125|
|3     |LUT2     |   117|
|4     |LUT3     |   115|
|5     |LUT4     |    99|
|6     |LUT5     |    83|
|7     |LUT6     |   173|
|8     |MUXCY    |    45|
|9     |RAM64M   |    14|
|10    |RAM64X1D |     2|
|11    |RAMB36E1 |     2|
|12    |FDCE     |    56|
|13    |FDPE     |    60|
|14    |FDRE     |   557|
|15    |FDSE     |    19|
+------+---------+------+
Finished Writing Synthesis Report : Time (s): cpu = 00:01:15 ; elapsed = 00:01:18 . Memory (MB): peak = 782.172 ; gain = 490.840
synth_design: Time (s): cpu = 00:01:17 ; elapsed = 00:01:20 . Memory (MB): peak = 782.172 ; gain = 498.602
