
*** Running vivado
    with args -log design_1_axi_fifo_mm_s_1_0.vds -m64 -product Vivado -mode batch -messageDb vivado.pb -notrace -source design_1_axi_fifo_mm_s_1_0.tcl


****** Vivado v2017.2 (64-bit)
  **** SW Build 1909853 on Thu Jun 15 18:39:09 MDT 2017
  **** IP Build 1909766 on Thu Jun 15 19:58:00 MDT 2017
    ** Copyright 1986-2017 Xilinx, Inc. All Rights Reserved.

source design_1_axi_fifo_mm_s_1_0.tcl -notrace
Starting RTL Elaboration : Time (s): cpu = 00:00:05 ; elapsed = 00:00:05 . Memory (MB): peak = 373.887 ; gain = 81.859
INFO: [Synth 8-638] synthesizing module 'design_1_axi_fifo_mm_s_1_0' [c:/drum_synthesis/drum_synthesis.srcs/sources_1/bd/design_1/ip/design_1_axi_fifo_mm_s_1_0/synth/design_1_axi_fifo_mm_s_1_0.vhd:90]
INFO: [Synth 8-638] synthesizing module 'axi_fifo_mm_s' [c:/drum_synthesis/drum_synthesis.srcs/sources_1/bd/design_1/ipshared/f65a/hdl/axi_fifo_mm_s_v4_1_rfs.vhd:5045]
INFO: [Synth 8-638] synthesizing module 'axi_lite_ipif' [c:/drum_synthesis/drum_synthesis.srcs/sources_1/bd/design_1/ipshared/0ba0/hdl/axi_lite_ipif_v3_0_vh_rfs.vhd:2948]
INFO: [Synth 8-638] synthesizing module 'slave_attachment' [c:/drum_synthesis/drum_synthesis.srcs/sources_1/bd/design_1/ipshared/0ba0/hdl/axi_lite_ipif_v3_0_vh_rfs.vhd:2341]
INFO: [Synth 8-638] synthesizing module 'address_decoder' [c:/drum_synthesis/drum_synthesis.srcs/sources_1/bd/design_1/ipshared/0ba0/hdl/axi_lite_ipif_v3_0_vh_rfs.vhd:1775]
INFO: [Synth 8-638] synthesizing module 'pselect_f' [c:/drum_synthesis/drum_synthesis.srcs/sources_1/bd/design_1/ipshared/0ba0/hdl/axi_lite_ipif_v3_0_vh_rfs.vhd:1534]
INFO: [Synth 8-256] done synthesizing module 'pselect_f' (1#1) [c:/drum_synthesis/drum_synthesis.srcs/sources_1/bd/design_1/ipshared/0ba0/hdl/axi_lite_ipif_v3_0_vh_rfs.vhd:1534]
INFO: [Synth 8-638] synthesizing module 'pselect_f__parameterized0' [c:/drum_synthesis/drum_synthesis.srcs/sources_1/bd/design_1/ipshared/0ba0/hdl/axi_lite_ipif_v3_0_vh_rfs.vhd:1534]
INFO: [Synth 8-256] done synthesizing module 'pselect_f__parameterized0' (1#1) [c:/drum_synthesis/drum_synthesis.srcs/sources_1/bd/design_1/ipshared/0ba0/hdl/axi_lite_ipif_v3_0_vh_rfs.vhd:1534]
INFO: [Synth 8-638] synthesizing module 'pselect_f__parameterized1' [c:/drum_synthesis/drum_synthesis.srcs/sources_1/bd/design_1/ipshared/0ba0/hdl/axi_lite_ipif_v3_0_vh_rfs.vhd:1534]
INFO: [Synth 8-256] done synthesizing module 'pselect_f__parameterized1' (1#1) [c:/drum_synthesis/drum_synthesis.srcs/sources_1/bd/design_1/ipshared/0ba0/hdl/axi_lite_ipif_v3_0_vh_rfs.vhd:1534]
INFO: [Synth 8-638] synthesizing module 'pselect_f__parameterized2' [c:/drum_synthesis/drum_synthesis.srcs/sources_1/bd/design_1/ipshared/0ba0/hdl/axi_lite_ipif_v3_0_vh_rfs.vhd:1534]
INFO: [Synth 8-256] done synthesizing module 'pselect_f__parameterized2' (1#1) [c:/drum_synthesis/drum_synthesis.srcs/sources_1/bd/design_1/ipshared/0ba0/hdl/axi_lite_ipif_v3_0_vh_rfs.vhd:1534]
INFO: [Synth 8-638] synthesizing module 'pselect_f__parameterized3' [c:/drum_synthesis/drum_synthesis.srcs/sources_1/bd/design_1/ipshared/0ba0/hdl/axi_lite_ipif_v3_0_vh_rfs.vhd:1534]
INFO: [Synth 8-256] done synthesizing module 'pselect_f__parameterized3' (1#1) [c:/drum_synthesis/drum_synthesis.srcs/sources_1/bd/design_1/ipshared/0ba0/hdl/axi_lite_ipif_v3_0_vh_rfs.vhd:1534]
INFO: [Synth 8-638] synthesizing module 'pselect_f__parameterized4' [c:/drum_synthesis/drum_synthesis.srcs/sources_1/bd/design_1/ipshared/0ba0/hdl/axi_lite_ipif_v3_0_vh_rfs.vhd:1534]
INFO: [Synth 8-256] done synthesizing module 'pselect_f__parameterized4' (1#1) [c:/drum_synthesis/drum_synthesis.srcs/sources_1/bd/design_1/ipshared/0ba0/hdl/axi_lite_ipif_v3_0_vh_rfs.vhd:1534]
INFO: [Synth 8-638] synthesizing module 'pselect_f__parameterized5' [c:/drum_synthesis/drum_synthesis.srcs/sources_1/bd/design_1/ipshared/0ba0/hdl/axi_lite_ipif_v3_0_vh_rfs.vhd:1534]
INFO: [Synth 8-256] done synthesizing module 'pselect_f__parameterized5' (1#1) [c:/drum_synthesis/drum_synthesis.srcs/sources_1/bd/design_1/ipshared/0ba0/hdl/axi_lite_ipif_v3_0_vh_rfs.vhd:1534]
INFO: [Synth 8-638] synthesizing module 'pselect_f__parameterized6' [c:/drum_synthesis/drum_synthesis.srcs/sources_1/bd/design_1/ipshared/0ba0/hdl/axi_lite_ipif_v3_0_vh_rfs.vhd:1534]
INFO: [Synth 8-256] done synthesizing module 'pselect_f__parameterized6' (1#1) [c:/drum_synthesis/drum_synthesis.srcs/sources_1/bd/design_1/ipshared/0ba0/hdl/axi_lite_ipif_v3_0_vh_rfs.vhd:1534]
INFO: [Synth 8-638] synthesizing module 'pselect_f__parameterized7' [c:/drum_synthesis/drum_synthesis.srcs/sources_1/bd/design_1/ipshared/0ba0/hdl/axi_lite_ipif_v3_0_vh_rfs.vhd:1534]
INFO: [Synth 8-256] done synthesizing module 'pselect_f__parameterized7' (1#1) [c:/drum_synthesis/drum_synthesis.srcs/sources_1/bd/design_1/ipshared/0ba0/hdl/axi_lite_ipif_v3_0_vh_rfs.vhd:1534]
INFO: [Synth 8-638] synthesizing module 'pselect_f__parameterized8' [c:/drum_synthesis/drum_synthesis.srcs/sources_1/bd/design_1/ipshared/0ba0/hdl/axi_lite_ipif_v3_0_vh_rfs.vhd:1534]
INFO: [Synth 8-256] done synthesizing module 'pselect_f__parameterized8' (1#1) [c:/drum_synthesis/drum_synthesis.srcs/sources_1/bd/design_1/ipshared/0ba0/hdl/axi_lite_ipif_v3_0_vh_rfs.vhd:1534]
INFO: [Synth 8-638] synthesizing module 'pselect_f__parameterized9' [c:/drum_synthesis/drum_synthesis.srcs/sources_1/bd/design_1/ipshared/0ba0/hdl/axi_lite_ipif_v3_0_vh_rfs.vhd:1534]
INFO: [Synth 8-256] done synthesizing module 'pselect_f__parameterized9' (1#1) [c:/drum_synthesis/drum_synthesis.srcs/sources_1/bd/design_1/ipshared/0ba0/hdl/axi_lite_ipif_v3_0_vh_rfs.vhd:1534]
INFO: [Synth 8-638] synthesizing module 'pselect_f__parameterized10' [c:/drum_synthesis/drum_synthesis.srcs/sources_1/bd/design_1/ipshared/0ba0/hdl/axi_lite_ipif_v3_0_vh_rfs.vhd:1534]
INFO: [Synth 8-256] done synthesizing module 'pselect_f__parameterized10' (1#1) [c:/drum_synthesis/drum_synthesis.srcs/sources_1/bd/design_1/ipshared/0ba0/hdl/axi_lite_ipif_v3_0_vh_rfs.vhd:1534]
INFO: [Synth 8-638] synthesizing module 'pselect_f__parameterized11' [c:/drum_synthesis/drum_synthesis.srcs/sources_1/bd/design_1/ipshared/0ba0/hdl/axi_lite_ipif_v3_0_vh_rfs.vhd:1534]
INFO: [Synth 8-256] done synthesizing module 'pselect_f__parameterized11' (1#1) [c:/drum_synthesis/drum_synthesis.srcs/sources_1/bd/design_1/ipshared/0ba0/hdl/axi_lite_ipif_v3_0_vh_rfs.vhd:1534]
INFO: [Synth 8-256] done synthesizing module 'address_decoder' (2#1) [c:/drum_synthesis/drum_synthesis.srcs/sources_1/bd/design_1/ipshared/0ba0/hdl/axi_lite_ipif_v3_0_vh_rfs.vhd:1775]
INFO: [Synth 8-256] done synthesizing module 'slave_attachment' (3#1) [c:/drum_synthesis/drum_synthesis.srcs/sources_1/bd/design_1/ipshared/0ba0/hdl/axi_lite_ipif_v3_0_vh_rfs.vhd:2341]
INFO: [Synth 8-256] done synthesizing module 'axi_lite_ipif' (4#1) [c:/drum_synthesis/drum_synthesis.srcs/sources_1/bd/design_1/ipshared/0ba0/hdl/axi_lite_ipif_v3_0_vh_rfs.vhd:2948]
INFO: [Synth 8-638] synthesizing module 'ipic2axi_s' [c:/drum_synthesis/drum_synthesis.srcs/sources_1/bd/design_1/ipshared/f65a/hdl/axi_fifo_mm_s_v4_1_rfs.vhd:3912]
INFO: [Synth 8-638] synthesizing module 'fifo' [c:/drum_synthesis/drum_synthesis.srcs/sources_1/bd/design_1/ipshared/f65a/hdl/axi_fifo_mm_s_v4_1_rfs.vhd:3462]
INFO: [Synth 8-638] synthesizing module 'axis_fg' [c:/drum_synthesis/drum_synthesis.srcs/sources_1/bd/design_1/ipshared/f65a/hdl/axi_fifo_mm_s_v4_1_rfs.vhd:2689]
INFO: [Synth 8-256] done synthesizing module 'axis_fg' (34#1) [c:/drum_synthesis/drum_synthesis.srcs/sources_1/bd/design_1/ipshared/f65a/hdl/axi_fifo_mm_s_v4_1_rfs.vhd:2689]
INFO: [Synth 8-256] done synthesizing module 'fifo' (35#1) [c:/drum_synthesis/drum_synthesis.srcs/sources_1/bd/design_1/ipshared/f65a/hdl/axi_fifo_mm_s_v4_1_rfs.vhd:3462]
INFO: [Synth 8-256] done synthesizing module 'ipic2axi_s' (36#1) [c:/drum_synthesis/drum_synthesis.srcs/sources_1/bd/design_1/ipshared/f65a/hdl/axi_fifo_mm_s_v4_1_rfs.vhd:3912]
INFO: [Synth 8-256] done synthesizing module 'axi_fifo_mm_s' (37#1) [c:/drum_synthesis/drum_synthesis.srcs/sources_1/bd/design_1/ipshared/f65a/hdl/axi_fifo_mm_s_v4_1_rfs.vhd:5045]
INFO: [Synth 8-256] done synthesizing module 'design_1_axi_fifo_mm_s_1_0' (38#1) [c:/drum_synthesis/drum_synthesis.srcs/sources_1/bd/design_1/ip/design_1_axi_fifo_mm_s_1_0/synth/design_1_axi_fifo_mm_s_1_0.vhd:90]
Finished RTL Elaboration : Time (s): cpu = 00:00:46 ; elapsed = 00:00:48 . Memory (MB): peak = 598.512 ; gain = 306.484
Finished RTL Optimization Phase 1 : Time (s): cpu = 00:00:46 ; elapsed = 00:00:48 . Memory (MB): peak = 598.512 ; gain = 306.484
INFO: [Device 21-403] Loading part xc7z020clg484-1
Constraint Validation Runtime : Time (s): cpu = 00:00:00 ; elapsed = 00:00:00.028 . Memory (MB): peak = 723.582 ; gain = 0.000
Finished Constraint Validation : Time (s): cpu = 00:00:55 ; elapsed = 00:00:58 . Memory (MB): peak = 723.582 ; gain = 431.555
Finished Loading Part and Timing Information : Time (s): cpu = 00:00:55 ; elapsed = 00:00:58 . Memory (MB): peak = 723.582 ; gain = 431.555
Finished applying 'set_property' XDC Constraints : Time (s): cpu = 00:00:55 ; elapsed = 00:00:58 . Memory (MB): peak = 723.582 ; gain = 431.555
Finished RTL Optimization Phase 2 : Time (s): cpu = 00:00:57 ; elapsed = 00:00:59 . Memory (MB): peak = 723.582 ; gain = 431.555
Finished Cross Boundary and Area Optimization : Time (s): cpu = 00:00:59 ; elapsed = 00:01:02 . Memory (MB): peak = 723.582 ; gain = 431.555
Finished Applying XDC Timing Constraints : Time (s): cpu = 00:01:08 ; elapsed = 00:01:11 . Memory (MB): peak = 723.582 ; gain = 431.555
Finished Timing Optimization : Time (s): cpu = 00:01:09 ; elapsed = 00:01:12 . Memory (MB): peak = 736.176 ; gain = 444.148
Finished Technology Mapping : Time (s): cpu = 00:01:09 ; elapsed = 00:01:12 . Memory (MB): peak = 741.063 ; gain = 449.035
Finished IO Insertion : Time (s): cpu = 00:01:10 ; elapsed = 00:01:13 . Memory (MB): peak = 741.063 ; gain = 449.035
Finished Renaming Generated Instances : Time (s): cpu = 00:01:10 ; elapsed = 00:01:13 . Memory (MB): peak = 741.063 ; gain = 449.035
Finished Rebuilding User Hierarchy : Time (s): cpu = 00:01:10 ; elapsed = 00:01:13 . Memory (MB): peak = 741.063 ; gain = 449.035
Finished Renaming Generated Ports : Time (s): cpu = 00:01:10 ; elapsed = 00:01:13 . Memory (MB): peak = 741.063 ; gain = 449.035
Finished Handling Custom Attributes : Time (s): cpu = 00:01:10 ; elapsed = 00:01:13 . Memory (MB): peak = 741.063 ; gain = 449.035
Finished Renaming Generated Nets : Time (s): cpu = 00:01:10 ; elapsed = 00:01:13 . Memory (MB): peak = 741.063 ; gain = 449.035

Report Cell Usage: 
+------+---------+------+
|      |Cell     |Count |
+------+---------+------+
|1     |CARRY4   |    34|
|2     |LUT1     |    74|
|3     |LUT2     |    80|
|4     |LUT3     |    39|
|5     |LUT4     |    46|
|6     |LUT5     |    46|
|7     |LUT6     |    64|
|8     |MUXCY    |    25|
|9     |RAMB36E1 |     1|
|10    |FDCE     |    23|
|11    |FDPE     |    37|
|12    |FDRE     |   328|
|13    |FDSE     |     8|
+------+---------+------+
Finished Writing Synthesis Report : Time (s): cpu = 00:01:10 ; elapsed = 00:01:13 . Memory (MB): peak = 741.063 ; gain = 449.035
synth_design: Time (s): cpu = 00:01:12 ; elapsed = 00:01:15 . Memory (MB): peak = 741.063 ; gain = 456.793
