
*** Running vivado
    with args -log design_1_axi_dma_0_0.vds -m64 -product Vivado -mode batch -messageDb vivado.pb -notrace -source design_1_axi_dma_0_0.tcl


****** Vivado v2017.2 (64-bit)
  **** SW Build 1909853 on Thu Jun 15 18:39:09 MDT 2017
  **** IP Build 1909766 on Thu Jun 15 19:58:00 MDT 2017
    ** Copyright 1986-2017 Xilinx, Inc. All Rights Reserved.

source design_1_axi_dma_0_0.tcl -notrace
Starting RTL Elaboration : Time (s): cpu = 00:00:07 ; elapsed = 00:00:08 . Memory (MB): peak = 375.793 ; gain = 82.453
INFO: [Synth 8-638] synthesizing module 'design_1_axi_dma_0_0' [c:/drum_synthesis/drum_synthesis.srcs/sources_1/bd/design_1/ip/design_1_axi_dma_0_0/synth/design_1_axi_dma_0_0.vhd:134]
INFO: [Synth 8-638] synthesizing module 'axi_dma' [c:/drum_synthesis/drum_synthesis.srcs/sources_1/bd/design_1/ipshared/bb0b/hdl/axi_dma_v7_1_vh_rfs.vhd:21830]
INFO: [Synth 8-638] synthesizing module 'axi_dma_rst_module' [c:/drum_synthesis/drum_synthesis.srcs/sources_1/bd/design_1/ipshared/bb0b/hdl/axi_dma_v7_1_vh_rfs.vhd:1595]
INFO: [Synth 8-638] synthesizing module 'cdc_sync' [c:/drum_synthesis/drum_synthesis.srcs/sources_1/bd/design_1/ipshared/52cb/hdl/lib_cdc_v1_0_rfs.vhd:106]
INFO: [Synth 8-256] done synthesizing module 'cdc_sync' (1#1) [c:/drum_synthesis/drum_synthesis.srcs/sources_1/bd/design_1/ipshared/52cb/hdl/lib_cdc_v1_0_rfs.vhd:106]
INFO: [Synth 8-638] synthesizing module 'axi_dma_reset' [c:/drum_synthesis/drum_synthesis.srcs/sources_1/bd/design_1/ipshared/bb0b/hdl/axi_dma_v7_1_vh_rfs.vhd:603]
INFO: [Synth 8-256] done synthesizing module 'axi_dma_reset' (2#1) [c:/drum_synthesis/drum_synthesis.srcs/sources_1/bd/design_1/ipshared/bb0b/hdl/axi_dma_v7_1_vh_rfs.vhd:603]
INFO: [Synth 8-256] done synthesizing module 'axi_dma_rst_module' (3#1) [c:/drum_synthesis/drum_synthesis.srcs/sources_1/bd/design_1/ipshared/bb0b/hdl/axi_dma_v7_1_vh_rfs.vhd:1595]
INFO: [Synth 8-638] synthesizing module 'axi_dma_reg_module' [c:/drum_synthesis/drum_synthesis.srcs/sources_1/bd/design_1/ipshared/bb0b/hdl/axi_dma_v7_1_vh_rfs.vhd:8254]
INFO: [Synth 8-638] synthesizing module 'axi_dma_lite_if' [c:/drum_synthesis/drum_synthesis.srcs/sources_1/bd/design_1/ipshared/bb0b/hdl/axi_dma_v7_1_vh_rfs.vhd:2066]
INFO: [Synth 8-256] done synthesizing module 'axi_dma_lite_if' (4#1) [c:/drum_synthesis/drum_synthesis.srcs/sources_1/bd/design_1/ipshared/bb0b/hdl/axi_dma_v7_1_vh_rfs.vhd:2066]
INFO: [Synth 8-638] synthesizing module 'axi_dma_register' [c:/drum_synthesis/drum_synthesis.srcs/sources_1/bd/design_1/ipshared/bb0b/hdl/axi_dma_v7_1_vh_rfs.vhd:3604]
INFO: [Synth 8-256] done synthesizing module 'axi_dma_register' (5#1) [c:/drum_synthesis/drum_synthesis.srcs/sources_1/bd/design_1/ipshared/bb0b/hdl/axi_dma_v7_1_vh_rfs.vhd:3604]
INFO: [Synth 8-256] done synthesizing module 'axi_dma_reg_module' (6#1) [c:/drum_synthesis/drum_synthesis.srcs/sources_1/bd/design_1/ipshared/bb0b/hdl/axi_dma_v7_1_vh_rfs.vhd:8254]
INFO: [Synth 8-638] synthesizing module 'axi_sg' [c:/drum_synthesis/drum_synthesis.srcs/sources_1/bd/design_1/ipshared/ddc9/hdl/axi_sg_v4_1_rfs.vhd:28736]
INFO: [Synth 8-638] synthesizing module 'axi_sg_ftch_mngr' [c:/drum_synthesis/drum_synthesis.srcs/sources_1/bd/design_1/ipshared/ddc9/hdl/axi_sg_v4_1_rfs.vhd:20303]
INFO: [Synth 8-638] synthesizing module 'axi_sg_ftch_sm' [c:/drum_synthesis/drum_synthesis.srcs/sources_1/bd/design_1/ipshared/ddc9/hdl/axi_sg_v4_1_rfs.vhd:18543]
INFO: [Synth 8-256] done synthesizing module 'axi_sg_ftch_sm' (7#1) [c:/drum_synthesis/drum_synthesis.srcs/sources_1/bd/design_1/ipshared/ddc9/hdl/axi_sg_v4_1_rfs.vhd:18543]
INFO: [Synth 8-638] synthesizing module 'axi_sg_ftch_pntr' [c:/drum_synthesis/drum_synthesis.srcs/sources_1/bd/design_1/ipshared/ddc9/hdl/axi_sg_v4_1_rfs.vhd:19527]
INFO: [Synth 8-256] done synthesizing module 'axi_sg_ftch_pntr' (8#1) [c:/drum_synthesis/drum_synthesis.srcs/sources_1/bd/design_1/ipshared/ddc9/hdl/axi_sg_v4_1_rfs.vhd:19527]
INFO: [Synth 8-638] synthesizing module 'axi_sg_ftch_cmdsts_if' [c:/drum_synthesis/drum_synthesis.srcs/sources_1/bd/design_1/ipshared/ddc9/hdl/axi_sg_v4_1_rfs.vhd:19938]
INFO: [Synth 8-256] done synthesizing module 'axi_sg_ftch_cmdsts_if' (9#1) [c:/drum_synthesis/drum_synthesis.srcs/sources_1/bd/design_1/ipshared/ddc9/hdl/axi_sg_v4_1_rfs.vhd:19938]
INFO: [Synth 8-256] done synthesizing module 'axi_sg_ftch_mngr' (10#1) [c:/drum_synthesis/drum_synthesis.srcs/sources_1/bd/design_1/ipshared/ddc9/hdl/axi_sg_v4_1_rfs.vhd:20303]
INFO: [Synth 8-638] synthesizing module 'axi_sg_ftch_q_mngr' [c:/drum_synthesis/drum_synthesis.srcs/sources_1/bd/design_1/ipshared/ddc9/hdl/axi_sg_v4_1_rfs.vhd:22897]
INFO: [Synth 8-638] synthesizing module 'axi_sg_ftch_queue' [c:/drum_synthesis/drum_synthesis.srcs/sources_1/bd/design_1/ipshared/ddc9/hdl/axi_sg_v4_1_rfs.vhd:21321]
INFO: [Synth 8-256] done synthesizing module 'axi_sg_ftch_queue' (11#1) [c:/drum_synthesis/drum_synthesis.srcs/sources_1/bd/design_1/ipshared/ddc9/hdl/axi_sg_v4_1_rfs.vhd:21321]
INFO: [Synth 8-256] done synthesizing module 'axi_sg_ftch_q_mngr' (12#1) [c:/drum_synthesis/drum_synthesis.srcs/sources_1/bd/design_1/ipshared/ddc9/hdl/axi_sg_v4_1_rfs.vhd:22897]
INFO: [Synth 8-638] synthesizing module 'axi_sg_updt_mngr' [c:/drum_synthesis/drum_synthesis.srcs/sources_1/bd/design_1/ipshared/ddc9/hdl/axi_sg_v4_1_rfs.vhd:25077]
INFO: [Synth 8-638] synthesizing module 'axi_sg_updt_sm' [c:/drum_synthesis/drum_synthesis.srcs/sources_1/bd/design_1/ipshared/ddc9/hdl/axi_sg_v4_1_rfs.vhd:24165]
INFO: [Synth 8-256] done synthesizing module 'axi_sg_updt_sm' (13#1) [c:/drum_synthesis/drum_synthesis.srcs/sources_1/bd/design_1/ipshared/ddc9/hdl/axi_sg_v4_1_rfs.vhd:24165]
INFO: [Synth 8-638] synthesizing module 'axi_sg_updt_cmdsts_if' [c:/drum_synthesis/drum_synthesis.srcs/sources_1/bd/design_1/ipshared/ddc9/hdl/axi_sg_v4_1_rfs.vhd:23854]
INFO: [Synth 8-256] done synthesizing module 'axi_sg_updt_cmdsts_if' (14#1) [c:/drum_synthesis/drum_synthesis.srcs/sources_1/bd/design_1/ipshared/ddc9/hdl/axi_sg_v4_1_rfs.vhd:23854]
INFO: [Synth 8-256] done synthesizing module 'axi_sg_updt_mngr' (15#1) [c:/drum_synthesis/drum_synthesis.srcs/sources_1/bd/design_1/ipshared/ddc9/hdl/axi_sg_v4_1_rfs.vhd:25077]
INFO: [Synth 8-638] synthesizing module 'axi_sg_updt_q_mngr' [c:/drum_synthesis/drum_synthesis.srcs/sources_1/bd/design_1/ipshared/ddc9/hdl/axi_sg_v4_1_rfs.vhd:27298]
INFO: [Synth 8-638] synthesizing module 'axi_sg_updt_queue' [c:/drum_synthesis/drum_synthesis.srcs/sources_1/bd/design_1/ipshared/ddc9/hdl/axi_sg_v4_1_rfs.vhd:25428]
INFO: [Synth 8-256] done synthesizing module 'axi_sg_updt_queue' (16#1) [c:/drum_synthesis/drum_synthesis.srcs/sources_1/bd/design_1/ipshared/ddc9/hdl/axi_sg_v4_1_rfs.vhd:25428]
INFO: [Synth 8-256] done synthesizing module 'axi_sg_updt_q_mngr' (17#1) [c:/drum_synthesis/drum_synthesis.srcs/sources_1/bd/design_1/ipshared/ddc9/hdl/axi_sg_v4_1_rfs.vhd:27298]
INFO: [Synth 8-638] synthesizing module 'axi_sg_intrpt' [c:/drum_synthesis/drum_synthesis.srcs/sources_1/bd/design_1/ipshared/ddc9/hdl/axi_sg_v4_1_rfs.vhd:27902]
INFO: [Synth 8-256] done synthesizing module 'axi_sg_intrpt' (18#1) [c:/drum_synthesis/drum_synthesis.srcs/sources_1/bd/design_1/ipshared/ddc9/hdl/axi_sg_v4_1_rfs.vhd:27902]
INFO: [Synth 8-638] synthesizing module 'axi_sg_datamover' [c:/drum_synthesis/drum_synthesis.srcs/sources_1/bd/design_1/ipshared/ddc9/hdl/axi_sg_v4_1_rfs.vhd:17737]
INFO: [Synth 8-638] synthesizing module 'axi_sg_mm2s_basic_wrap' [c:/drum_synthesis/drum_synthesis.srcs/sources_1/bd/design_1/ipshared/ddc9/hdl/axi_sg_v4_1_rfs.vhd:15576]
INFO: [Synth 8-638] synthesizing module 'axi_sg_reset' [c:/drum_synthesis/drum_synthesis.srcs/sources_1/bd/design_1/ipshared/ddc9/hdl/axi_sg_v4_1_rfs.vhd:303]
INFO: [Synth 8-256] done synthesizing module 'axi_sg_reset' (19#1) [c:/drum_synthesis/drum_synthesis.srcs/sources_1/bd/design_1/ipshared/ddc9/hdl/axi_sg_v4_1_rfs.vhd:303]
INFO: [Synth 8-638] synthesizing module 'axi_sg_cmd_status' [c:/drum_synthesis/drum_synthesis.srcs/sources_1/bd/design_1/ipshared/ddc9/hdl/axi_sg_v4_1_rfs.vhd:2683]
INFO: [Synth 8-638] synthesizing module 'axi_sg_fifo' [c:/drum_synthesis/drum_synthesis.srcs/sources_1/bd/design_1/ipshared/ddc9/hdl/axi_sg_v4_1_rfs.vhd:1883]
INFO: [Synth 8-256] done synthesizing module 'axi_sg_fifo' (20#1) [c:/drum_synthesis/drum_synthesis.srcs/sources_1/bd/design_1/ipshared/ddc9/hdl/axi_sg_v4_1_rfs.vhd:1883]
INFO: [Synth 8-638] synthesizing module 'axi_sg_fifo__parameterized0' [c:/drum_synthesis/drum_synthesis.srcs/sources_1/bd/design_1/ipshared/ddc9/hdl/axi_sg_v4_1_rfs.vhd:1883]
INFO: [Synth 8-256] done synthesizing module 'axi_sg_fifo__parameterized0' (20#1) [c:/drum_synthesis/drum_synthesis.srcs/sources_1/bd/design_1/ipshared/ddc9/hdl/axi_sg_v4_1_rfs.vhd:1883]
INFO: [Synth 8-256] done synthesizing module 'axi_sg_cmd_status' (21#1) [c:/drum_synthesis/drum_synthesis.srcs/sources_1/bd/design_1/ipshared/ddc9/hdl/axi_sg_v4_1_rfs.vhd:2683]
INFO: [Synth 8-638] synthesizing module 'axi_sg_rd_status_cntl' [c:/drum_synthesis/drum_synthesis.srcs/sources_1/bd/design_1/ipshared/ddc9/hdl/axi_sg_v4_1_rfs.vhd:7089]
INFO: [Synth 8-256] done synthesizing module 'axi_sg_rd_status_cntl' (22#1) [c:/drum_synthesis/drum_synthesis.srcs/sources_1/bd/design_1/ipshared/ddc9/hdl/axi_sg_v4_1_rfs.vhd:7089]
INFO: [Synth 8-638] synthesizing module 'axi_sg_scc' [c:/drum_synthesis/drum_synthesis.srcs/sources_1/bd/design_1/ipshared/ddc9/hdl/axi_sg_v4_1_rfs.vhd:7562]
INFO: [Synth 8-256] done synthesizing module 'axi_sg_scc' (23#1) [c:/drum_synthesis/drum_synthesis.srcs/sources_1/bd/design_1/ipshared/ddc9/hdl/axi_sg_v4_1_rfs.vhd:7562]
INFO: [Synth 8-638] synthesizing module 'axi_sg_addr_cntl' [c:/drum_synthesis/drum_synthesis.srcs/sources_1/bd/design_1/ipshared/ddc9/hdl/axi_sg_v4_1_rfs.vhd:4548]
INFO: [Synth 8-256] done synthesizing module 'axi_sg_addr_cntl' (24#1) [c:/drum_synthesis/drum_synthesis.srcs/sources_1/bd/design_1/ipshared/ddc9/hdl/axi_sg_v4_1_rfs.vhd:4548]
INFO: [Synth 8-638] synthesizing module 'axi_sg_rddata_cntl' [c:/drum_synthesis/drum_synthesis.srcs/sources_1/bd/design_1/ipshared/ddc9/hdl/axi_sg_v4_1_rfs.vhd:5476]
INFO: [Synth 8-256] done synthesizing module 'axi_sg_rddata_cntl' (25#1) [c:/drum_synthesis/drum_synthesis.srcs/sources_1/bd/design_1/ipshared/ddc9/hdl/axi_sg_v4_1_rfs.vhd:5476]
INFO: [Synth 8-256] done synthesizing module 'axi_sg_mm2s_basic_wrap' (26#1) [c:/drum_synthesis/drum_synthesis.srcs/sources_1/bd/design_1/ipshared/ddc9/hdl/axi_sg_v4_1_rfs.vhd:15576]
INFO: [Synth 8-638] synthesizing module 'axi_sg_s2mm_basic_wrap' [c:/drum_synthesis/drum_synthesis.srcs/sources_1/bd/design_1/ipshared/ddc9/hdl/axi_sg_v4_1_rfs.vhd:16506]
INFO: [Synth 8-638] synthesizing module 'axi_sg_wr_status_cntl' [c:/drum_synthesis/drum_synthesis.srcs/sources_1/bd/design_1/ipshared/ddc9/hdl/axi_sg_v4_1_rfs.vhd:13563]
INFO: [Synth 8-638] synthesizing module 'axi_sg_fifo__parameterized1' [c:/drum_synthesis/drum_synthesis.srcs/sources_1/bd/design_1/ipshared/ddc9/hdl/axi_sg_v4_1_rfs.vhd:1883]
INFO: [Synth 8-638] synthesizing module 'srl_fifo_f' [c:/drum_synthesis/drum_synthesis.srcs/sources_1/bd/design_1/ipshared/6039/hdl/lib_srl_fifo_v1_0_rfs.vhd:1000]
INFO: [Synth 8-638] synthesizing module 'srl_fifo_rbu_f' [c:/drum_synthesis/drum_synthesis.srcs/sources_1/bd/design_1/ipshared/6039/hdl/lib_srl_fifo_v1_0_rfs.vhd:697]
INFO: [Synth 8-638] synthesizing module 'cntr_incr_decr_addn_f' [c:/drum_synthesis/drum_synthesis.srcs/sources_1/bd/design_1/ipshared/6039/hdl/lib_srl_fifo_v1_0_rfs.vhd:143]
INFO: [Synth 8-256] done synthesizing module 'cntr_incr_decr_addn_f' (27#1) [c:/drum_synthesis/drum_synthesis.srcs/sources_1/bd/design_1/ipshared/6039/hdl/lib_srl_fifo_v1_0_rfs.vhd:143]
INFO: [Synth 8-638] synthesizing module 'dynshreg_f' [c:/drum_synthesis/drum_synthesis.srcs/sources_1/bd/design_1/ipshared/6039/hdl/lib_srl_fifo_v1_0_rfs.vhd:397]
INFO: [Synth 8-256] done synthesizing module 'dynshreg_f' (28#1) [c:/drum_synthesis/drum_synthesis.srcs/sources_1/bd/design_1/ipshared/6039/hdl/lib_srl_fifo_v1_0_rfs.vhd:397]
INFO: [Synth 8-256] done synthesizing module 'srl_fifo_rbu_f' (29#1) [c:/drum_synthesis/drum_synthesis.srcs/sources_1/bd/design_1/ipshared/6039/hdl/lib_srl_fifo_v1_0_rfs.vhd:697]
INFO: [Synth 8-256] done synthesizing module 'srl_fifo_f' (30#1) [c:/drum_synthesis/drum_synthesis.srcs/sources_1/bd/design_1/ipshared/6039/hdl/lib_srl_fifo_v1_0_rfs.vhd:1000]
INFO: [Synth 8-256] done synthesizing module 'axi_sg_fifo__parameterized1' (30#1) [c:/drum_synthesis/drum_synthesis.srcs/sources_1/bd/design_1/ipshared/ddc9/hdl/axi_sg_v4_1_rfs.vhd:1883]
INFO: [Synth 8-638] synthesizing module 'axi_sg_fifo__parameterized2' [c:/drum_synthesis/drum_synthesis.srcs/sources_1/bd/design_1/ipshared/ddc9/hdl/axi_sg_v4_1_rfs.vhd:1883]
INFO: [Synth 8-638] synthesizing module 'srl_fifo_f__parameterized0' [c:/drum_synthesis/drum_synthesis.srcs/sources_1/bd/design_1/ipshared/6039/hdl/lib_srl_fifo_v1_0_rfs.vhd:1000]
INFO: [Synth 8-638] synthesizing module 'srl_fifo_rbu_f__parameterized0' [c:/drum_synthesis/drum_synthesis.srcs/sources_1/bd/design_1/ipshared/6039/hdl/lib_srl_fifo_v1_0_rfs.vhd:697]
INFO: [Synth 8-638] synthesizing module 'dynshreg_f__parameterized0' [c:/drum_synthesis/drum_synthesis.srcs/sources_1/bd/design_1/ipshared/6039/hdl/lib_srl_fifo_v1_0_rfs.vhd:397]
INFO: [Synth 8-256] done synthesizing module 'dynshreg_f__parameterized0' (30#1) [c:/drum_synthesis/drum_synthesis.srcs/sources_1/bd/design_1/ipshared/6039/hdl/lib_srl_fifo_v1_0_rfs.vhd:397]
INFO: [Synth 8-256] done synthesizing module 'srl_fifo_rbu_f__parameterized0' (30#1) [c:/drum_synthesis/drum_synthesis.srcs/sources_1/bd/design_1/ipshared/6039/hdl/lib_srl_fifo_v1_0_rfs.vhd:697]
INFO: [Synth 8-256] done synthesizing module 'srl_fifo_f__parameterized0' (30#1) [c:/drum_synthesis/drum_synthesis.srcs/sources_1/bd/design_1/ipshared/6039/hdl/lib_srl_fifo_v1_0_rfs.vhd:1000]
INFO: [Synth 8-256] done synthesizing module 'axi_sg_fifo__parameterized2' (30#1) [c:/drum_synthesis/drum_synthesis.srcs/sources_1/bd/design_1/ipshared/ddc9/hdl/axi_sg_v4_1_rfs.vhd:1883]
INFO: [Synth 8-256] done synthesizing module 'axi_sg_wr_status_cntl' (31#1) [c:/drum_synthesis/drum_synthesis.srcs/sources_1/bd/design_1/ipshared/ddc9/hdl/axi_sg_v4_1_rfs.vhd:13563]
INFO: [Synth 8-638] synthesizing module 'axi_sg_scc_wr' [c:/drum_synthesis/drum_synthesis.srcs/sources_1/bd/design_1/ipshared/ddc9/hdl/axi_sg_v4_1_rfs.vhd:9822]
INFO: [Synth 8-256] done synthesizing module 'axi_sg_scc_wr' (32#1) [c:/drum_synthesis/drum_synthesis.srcs/sources_1/bd/design_1/ipshared/ddc9/hdl/axi_sg_v4_1_rfs.vhd:9822]
INFO: [Synth 8-638] synthesizing module 'axi_sg_addr_cntl__parameterized0' [c:/drum_synthesis/drum_synthesis.srcs/sources_1/bd/design_1/ipshared/ddc9/hdl/axi_sg_v4_1_rfs.vhd:4548]
INFO: [Synth 8-256] done synthesizing module 'axi_sg_addr_cntl__parameterized0' (32#1) [c:/drum_synthesis/drum_synthesis.srcs/sources_1/bd/design_1/ipshared/ddc9/hdl/axi_sg_v4_1_rfs.vhd:4548]
INFO: [Synth 8-638] synthesizing module 'axi_sg_wrdata_cntl' [c:/drum_synthesis/drum_synthesis.srcs/sources_1/bd/design_1/ipshared/ddc9/hdl/axi_sg_v4_1_rfs.vhd:11526]
INFO: [Synth 8-256] done synthesizing module 'axi_sg_wrdata_cntl' (33#1) [c:/drum_synthesis/drum_synthesis.srcs/sources_1/bd/design_1/ipshared/ddc9/hdl/axi_sg_v4_1_rfs.vhd:11526]
INFO: [Synth 8-256] done synthesizing module 'axi_sg_s2mm_basic_wrap' (34#1) [c:/drum_synthesis/drum_synthesis.srcs/sources_1/bd/design_1/ipshared/ddc9/hdl/axi_sg_v4_1_rfs.vhd:16506]
INFO: [Synth 8-256] done synthesizing module 'axi_sg_datamover' (35#1) [c:/drum_synthesis/drum_synthesis.srcs/sources_1/bd/design_1/ipshared/ddc9/hdl/axi_sg_v4_1_rfs.vhd:17737]
INFO: [Synth 8-256] done synthesizing module 'axi_sg' (36#1) [c:/drum_synthesis/drum_synthesis.srcs/sources_1/bd/design_1/ipshared/ddc9/hdl/axi_sg_v4_1_rfs.vhd:28736]
INFO: [Synth 8-638] synthesizing module 'axi_dma_mm2s_mngr' [c:/drum_synthesis/drum_synthesis.srcs/sources_1/bd/design_1/ipshared/bb0b/hdl/axi_dma_v7_1_vh_rfs.vhd:14884]
INFO: [Synth 8-638] synthesizing module 'axi_dma_mm2s_sm' [c:/drum_synthesis/drum_synthesis.srcs/sources_1/bd/design_1/ipshared/bb0b/hdl/axi_dma_v7_1_vh_rfs.vhd:13076]
INFO: [Synth 8-256] done synthesizing module 'axi_dma_mm2s_sm' (37#1) [c:/drum_synthesis/drum_synthesis.srcs/sources_1/bd/design_1/ipshared/bb0b/hdl/axi_dma_v7_1_vh_rfs.vhd:13076]
INFO: [Synth 8-638] synthesizing module 'axi_dma_mm2s_sg_if' [c:/drum_synthesis/drum_synthesis.srcs/sources_1/bd/design_1/ipshared/bb0b/hdl/axi_dma_v7_1_vh_rfs.vhd:12158]
INFO: [Synth 8-638] synthesizing module 'srl_fifo_f__parameterized1' [c:/drum_synthesis/drum_synthesis.srcs/sources_1/bd/design_1/ipshared/6039/hdl/lib_srl_fifo_v1_0_rfs.vhd:1000]
INFO: [Synth 8-638] synthesizing module 'srl_fifo_rbu_f__parameterized1' [c:/drum_synthesis/drum_synthesis.srcs/sources_1/bd/design_1/ipshared/6039/hdl/lib_srl_fifo_v1_0_rfs.vhd:697]
INFO: [Synth 8-638] synthesizing module 'cntr_incr_decr_addn_f__parameterized0' [c:/drum_synthesis/drum_synthesis.srcs/sources_1/bd/design_1/ipshared/6039/hdl/lib_srl_fifo_v1_0_rfs.vhd:143]
INFO: [Synth 8-256] done synthesizing module 'cntr_incr_decr_addn_f__parameterized0' (37#1) [c:/drum_synthesis/drum_synthesis.srcs/sources_1/bd/design_1/ipshared/6039/hdl/lib_srl_fifo_v1_0_rfs.vhd:143]
INFO: [Synth 8-638] synthesizing module 'dynshreg_f__parameterized1' [c:/drum_synthesis/drum_synthesis.srcs/sources_1/bd/design_1/ipshared/6039/hdl/lib_srl_fifo_v1_0_rfs.vhd:397]
INFO: [Synth 8-256] done synthesizing module 'dynshreg_f__parameterized1' (37#1) [c:/drum_synthesis/drum_synthesis.srcs/sources_1/bd/design_1/ipshared/6039/hdl/lib_srl_fifo_v1_0_rfs.vhd:397]
INFO: [Synth 8-256] done synthesizing module 'srl_fifo_rbu_f__parameterized1' (37#1) [c:/drum_synthesis/drum_synthesis.srcs/sources_1/bd/design_1/ipshared/6039/hdl/lib_srl_fifo_v1_0_rfs.vhd:697]
INFO: [Synth 8-256] done synthesizing module 'srl_fifo_f__parameterized1' (37#1) [c:/drum_synthesis/drum_synthesis.srcs/sources_1/bd/design_1/ipshared/6039/hdl/lib_srl_fifo_v1_0_rfs.vhd:1000]
INFO: [Synth 8-256] done synthesizing module 'axi_dma_mm2s_sg_if' (38#1) [c:/drum_synthesis/drum_synthesis.srcs/sources_1/bd/design_1/ipshared/bb0b/hdl/axi_dma_v7_1_vh_rfs.vhd:12158]
INFO: [Synth 8-638] synthesizing module 'axi_dma_mm2s_cmdsts_if' [c:/drum_synthesis/drum_synthesis.srcs/sources_1/bd/design_1/ipshared/bb0b/hdl/axi_dma_v7_1_vh_rfs.vhd:13668]
INFO: [Synth 8-256] done synthesizing module 'axi_dma_mm2s_cmdsts_if' (39#1) [c:/drum_synthesis/drum_synthesis.srcs/sources_1/bd/design_1/ipshared/bb0b/hdl/axi_dma_v7_1_vh_rfs.vhd:13668]
INFO: [Synth 8-638] synthesizing module 'axi_dma_mm2s_sts_mngr' [c:/drum_synthesis/drum_synthesis.srcs/sources_1/bd/design_1/ipshared/bb0b/hdl/axi_dma_v7_1_vh_rfs.vhd:13983]
INFO: [Synth 8-256] done synthesizing module 'axi_dma_mm2s_sts_mngr' (40#1) [c:/drum_synthesis/drum_synthesis.srcs/sources_1/bd/design_1/ipshared/bb0b/hdl/axi_dma_v7_1_vh_rfs.vhd:13983]
INFO: [Synth 8-256] done synthesizing module 'axi_dma_mm2s_mngr' (41#1) [c:/drum_synthesis/drum_synthesis.srcs/sources_1/bd/design_1/ipshared/bb0b/hdl/axi_dma_v7_1_vh_rfs.vhd:14884]
INFO: [Synth 8-638] synthesizing module 'axi_dma_sofeof_gen' [c:/drum_synthesis/drum_synthesis.srcs/sources_1/bd/design_1/ipshared/bb0b/hdl/axi_dma_v7_1_vh_rfs.vhd:11155]
INFO: [Synth 8-256] done synthesizing module 'axi_dma_sofeof_gen' (42#1) [c:/drum_synthesis/drum_synthesis.srcs/sources_1/bd/design_1/ipshared/bb0b/hdl/axi_dma_v7_1_vh_rfs.vhd:11155]
INFO: [Synth 8-638] synthesizing module 'axi_datamover' [c:/drum_synthesis/drum_synthesis.srcs/sources_1/bd/design_1/ipshared/43a6/hdl/axi_datamover_v5_1_vh_rfs.vhd:55410]
INFO: [Synth 8-638] synthesizing module 'axi_datamover_mm2s_full_wrap' [c:/drum_synthesis/drum_synthesis.srcs/sources_1/bd/design_1/ipshared/43a6/hdl/axi_datamover_v5_1_vh_rfs.vhd:53548]
INFO: [Synth 8-638] synthesizing module 'axi_datamover_reset' [c:/drum_synthesis/drum_synthesis.srcs/sources_1/bd/design_1/ipshared/43a6/hdl/axi_datamover_v5_1_vh_rfs.vhd:153]
INFO: [Synth 8-256] done synthesizing module 'axi_datamover_reset' (43#1) [c:/drum_synthesis/drum_synthesis.srcs/sources_1/bd/design_1/ipshared/43a6/hdl/axi_datamover_v5_1_vh_rfs.vhd:153]
INFO: [Synth 8-638] synthesizing module 'axi_datamover_cmd_status' [c:/drum_synthesis/drum_synthesis.srcs/sources_1/bd/design_1/ipshared/43a6/hdl/axi_datamover_v5_1_vh_rfs.vhd:2693]
INFO: [Synth 8-638] synthesizing module 'axi_datamover_fifo' [c:/drum_synthesis/drum_synthesis.srcs/sources_1/bd/design_1/ipshared/43a6/hdl/axi_datamover_v5_1_vh_rfs.vhd:1881]
INFO: [Synth 8-256] done synthesizing module 'axi_datamover_fifo' (44#1) [c:/drum_synthesis/drum_synthesis.srcs/sources_1/bd/design_1/ipshared/43a6/hdl/axi_datamover_v5_1_vh_rfs.vhd:1881]
INFO: [Synth 8-638] synthesizing module 'axi_datamover_fifo__parameterized0' [c:/drum_synthesis/drum_synthesis.srcs/sources_1/bd/design_1/ipshared/43a6/hdl/axi_datamover_v5_1_vh_rfs.vhd:1881]
INFO: [Synth 8-256] done synthesizing module 'axi_datamover_fifo__parameterized0' (44#1) [c:/drum_synthesis/drum_synthesis.srcs/sources_1/bd/design_1/ipshared/43a6/hdl/axi_datamover_v5_1_vh_rfs.vhd:1881]
INFO: [Synth 8-256] done synthesizing module 'axi_datamover_cmd_status' (45#1) [c:/drum_synthesis/drum_synthesis.srcs/sources_1/bd/design_1/ipshared/43a6/hdl/axi_datamover_v5_1_vh_rfs.vhd:2693]
INFO: [Synth 8-638] synthesizing module 'axi_datamover_rd_status_cntl' [c:/drum_synthesis/drum_synthesis.srcs/sources_1/bd/design_1/ipshared/43a6/hdl/axi_datamover_v5_1_vh_rfs.vhd:13741]
INFO: [Synth 8-256] done synthesizing module 'axi_datamover_rd_status_cntl' (46#1) [c:/drum_synthesis/drum_synthesis.srcs/sources_1/bd/design_1/ipshared/43a6/hdl/axi_datamover_v5_1_vh_rfs.vhd:13741]
INFO: [Synth 8-638] synthesizing module 'axi_datamover_pcc' [c:/drum_synthesis/drum_synthesis.srcs/sources_1/bd/design_1/ipshared/43a6/hdl/axi_datamover_v5_1_vh_rfs.vhd:7411]
INFO: [Synth 8-638] synthesizing module 'axi_datamover_strb_gen2' [c:/drum_synthesis/drum_synthesis.srcs/sources_1/bd/design_1/ipshared/43a6/hdl/axi_datamover_v5_1_vh_rfs.vhd:4337]
INFO: [Synth 8-256] done synthesizing module 'axi_datamover_strb_gen2' (47#1) [c:/drum_synthesis/drum_synthesis.srcs/sources_1/bd/design_1/ipshared/43a6/hdl/axi_datamover_v5_1_vh_rfs.vhd:4337]
INFO: [Synth 8-638] synthesizing module 'axi_datamover_strb_gen2__parameterized0' [c:/drum_synthesis/drum_synthesis.srcs/sources_1/bd/design_1/ipshared/43a6/hdl/axi_datamover_v5_1_vh_rfs.vhd:4337]
INFO: [Synth 8-256] done synthesizing module 'axi_datamover_strb_gen2__parameterized0' (47#1) [c:/drum_synthesis/drum_synthesis.srcs/sources_1/bd/design_1/ipshared/43a6/hdl/axi_datamover_v5_1_vh_rfs.vhd:4337]
INFO: [Synth 8-256] done synthesizing module 'axi_datamover_pcc' (48#1) [c:/drum_synthesis/drum_synthesis.srcs/sources_1/bd/design_1/ipshared/43a6/hdl/axi_datamover_v5_1_vh_rfs.vhd:7411]
INFO: [Synth 8-638] synthesizing module 'axi_datamover_addr_cntl' [c:/drum_synthesis/drum_synthesis.srcs/sources_1/bd/design_1/ipshared/43a6/hdl/axi_datamover_v5_1_vh_rfs.vhd:9995]
INFO: [Synth 8-638] synthesizing module 'axi_datamover_fifo__parameterized1' [c:/drum_synthesis/drum_synthesis.srcs/sources_1/bd/design_1/ipshared/43a6/hdl/axi_datamover_v5_1_vh_rfs.vhd:1881]
INFO: [Synth 8-638] synthesizing module 'srl_fifo_f__parameterized2' [c:/drum_synthesis/drum_synthesis.srcs/sources_1/bd/design_1/ipshared/6039/hdl/lib_srl_fifo_v1_0_rfs.vhd:1000]
INFO: [Synth 8-638] synthesizing module 'srl_fifo_rbu_f__parameterized2' [c:/drum_synthesis/drum_synthesis.srcs/sources_1/bd/design_1/ipshared/6039/hdl/lib_srl_fifo_v1_0_rfs.vhd:697]
INFO: [Synth 8-638] synthesizing module 'dynshreg_f__parameterized2' [c:/drum_synthesis/drum_synthesis.srcs/sources_1/bd/design_1/ipshared/6039/hdl/lib_srl_fifo_v1_0_rfs.vhd:397]
INFO: [Synth 8-256] done synthesizing module 'dynshreg_f__parameterized2' (48#1) [c:/drum_synthesis/drum_synthesis.srcs/sources_1/bd/design_1/ipshared/6039/hdl/lib_srl_fifo_v1_0_rfs.vhd:397]
INFO: [Synth 8-256] done synthesizing module 'srl_fifo_rbu_f__parameterized2' (48#1) [c:/drum_synthesis/drum_synthesis.srcs/sources_1/bd/design_1/ipshared/6039/hdl/lib_srl_fifo_v1_0_rfs.vhd:697]
INFO: [Synth 8-256] done synthesizing module 'srl_fifo_f__parameterized2' (48#1) [c:/drum_synthesis/drum_synthesis.srcs/sources_1/bd/design_1/ipshared/6039/hdl/lib_srl_fifo_v1_0_rfs.vhd:1000]
INFO: [Synth 8-256] done synthesizing module 'axi_datamover_fifo__parameterized1' (48#1) [c:/drum_synthesis/drum_synthesis.srcs/sources_1/bd/design_1/ipshared/43a6/hdl/axi_datamover_v5_1_vh_rfs.vhd:1881]
INFO: [Synth 8-256] done synthesizing module 'axi_datamover_addr_cntl' (49#1) [c:/drum_synthesis/drum_synthesis.srcs/sources_1/bd/design_1/ipshared/43a6/hdl/axi_datamover_v5_1_vh_rfs.vhd:9995]
INFO: [Synth 8-638] synthesizing module 'axi_datamover_rddata_cntl' [c:/drum_synthesis/drum_synthesis.srcs/sources_1/bd/design_1/ipshared/43a6/hdl/axi_datamover_v5_1_vh_rfs.vhd:12180]
INFO: [Synth 8-638] synthesizing module 'axi_datamover_rdmux' [c:/drum_synthesis/drum_synthesis.srcs/sources_1/bd/design_1/ipshared/43a6/hdl/axi_datamover_v5_1_vh_rfs.vhd:10676]
INFO: [Synth 8-256] done synthesizing module 'axi_datamover_rdmux' (50#1) [c:/drum_synthesis/drum_synthesis.srcs/sources_1/bd/design_1/ipshared/43a6/hdl/axi_datamover_v5_1_vh_rfs.vhd:10676]
INFO: [Synth 8-638] synthesizing module 'axi_datamover_fifo__parameterized2' [c:/drum_synthesis/drum_synthesis.srcs/sources_1/bd/design_1/ipshared/43a6/hdl/axi_datamover_v5_1_vh_rfs.vhd:1881]
INFO: [Synth 8-638] synthesizing module 'srl_fifo_f__parameterized3' [c:/drum_synthesis/drum_synthesis.srcs/sources_1/bd/design_1/ipshared/6039/hdl/lib_srl_fifo_v1_0_rfs.vhd:1000]
INFO: [Synth 8-638] synthesizing module 'srl_fifo_rbu_f__parameterized3' [c:/drum_synthesis/drum_synthesis.srcs/sources_1/bd/design_1/ipshared/6039/hdl/lib_srl_fifo_v1_0_rfs.vhd:697]
INFO: [Synth 8-638] synthesizing module 'dynshreg_f__parameterized3' [c:/drum_synthesis/drum_synthesis.srcs/sources_1/bd/design_1/ipshared/6039/hdl/lib_srl_fifo_v1_0_rfs.vhd:397]
INFO: [Synth 8-256] done synthesizing module 'dynshreg_f__parameterized3' (50#1) [c:/drum_synthesis/drum_synthesis.srcs/sources_1/bd/design_1/ipshared/6039/hdl/lib_srl_fifo_v1_0_rfs.vhd:397]
INFO: [Synth 8-256] done synthesizing module 'srl_fifo_rbu_f__parameterized3' (50#1) [c:/drum_synthesis/drum_synthesis.srcs/sources_1/bd/design_1/ipshared/6039/hdl/lib_srl_fifo_v1_0_rfs.vhd:697]
INFO: [Synth 8-256] done synthesizing module 'srl_fifo_f__parameterized3' (50#1) [c:/drum_synthesis/drum_synthesis.srcs/sources_1/bd/design_1/ipshared/6039/hdl/lib_srl_fifo_v1_0_rfs.vhd:1000]
INFO: [Synth 8-256] done synthesizing module 'axi_datamover_fifo__parameterized2' (50#1) [c:/drum_synthesis/drum_synthesis.srcs/sources_1/bd/design_1/ipshared/43a6/hdl/axi_datamover_v5_1_vh_rfs.vhd:1881]
INFO: [Synth 8-256] done synthesizing module 'axi_datamover_rddata_cntl' (51#1) [c:/drum_synthesis/drum_synthesis.srcs/sources_1/bd/design_1/ipshared/43a6/hdl/axi_datamover_v5_1_vh_rfs.vhd:12180]
INFO: [Synth 8-638] synthesizing module 'axi_datamover_rd_sf' [c:/drum_synthesis/drum_synthesis.srcs/sources_1/bd/design_1/ipshared/43a6/hdl/axi_datamover_v5_1_vh_rfs.vhd:20200]
INFO: [Synth 8-638] synthesizing module 'axi_datamover_fifo__parameterized3' [c:/drum_synthesis/drum_synthesis.srcs/sources_1/bd/design_1/ipshared/43a6/hdl/axi_datamover_v5_1_vh_rfs.vhd:1881]
INFO: [Synth 8-638] synthesizing module 'srl_fifo_f__parameterized4' [c:/drum_synthesis/drum_synthesis.srcs/sources_1/bd/design_1/ipshared/6039/hdl/lib_srl_fifo_v1_0_rfs.vhd:1000]
INFO: [Synth 8-638] synthesizing module 'srl_fifo_rbu_f__parameterized4' [c:/drum_synthesis/drum_synthesis.srcs/sources_1/bd/design_1/ipshared/6039/hdl/lib_srl_fifo_v1_0_rfs.vhd:697]
INFO: [Synth 8-638] synthesizing module 'dynshreg_f__parameterized4' [c:/drum_synthesis/drum_synthesis.srcs/sources_1/bd/design_1/ipshared/6039/hdl/lib_srl_fifo_v1_0_rfs.vhd:397]
INFO: [Synth 8-256] done synthesizing module 'dynshreg_f__parameterized4' (51#1) [c:/drum_synthesis/drum_synthesis.srcs/sources_1/bd/design_1/ipshared/6039/hdl/lib_srl_fifo_v1_0_rfs.vhd:397]
INFO: [Synth 8-256] done synthesizing module 'srl_fifo_rbu_f__parameterized4' (51#1) [c:/drum_synthesis/drum_synthesis.srcs/sources_1/bd/design_1/ipshared/6039/hdl/lib_srl_fifo_v1_0_rfs.vhd:697]
INFO: [Synth 8-256] done synthesizing module 'srl_fifo_f__parameterized4' (51#1) [c:/drum_synthesis/drum_synthesis.srcs/sources_1/bd/design_1/ipshared/6039/hdl/lib_srl_fifo_v1_0_rfs.vhd:1000]
INFO: [Synth 8-256] done synthesizing module 'axi_datamover_fifo__parameterized3' (51#1) [c:/drum_synthesis/drum_synthesis.srcs/sources_1/bd/design_1/ipshared/43a6/hdl/axi_datamover_v5_1_vh_rfs.vhd:1881]
INFO: [Synth 8-638] synthesizing module 'axi_datamover_sfifo_autord' [c:/drum_synthesis/drum_synthesis.srcs/sources_1/bd/design_1/ipshared/43a6/hdl/axi_datamover_v5_1_vh_rfs.vhd:1294]
INFO: [Synth 8-638] synthesizing module 'sync_fifo_fg' [c:/drum_synthesis/drum_synthesis.srcs/sources_1/bd/design_1/ipshared/c387/hdl/lib_fifo_v1_0_rfs.vhd:2097]
INFO: [Synth 8-256] done synthesizing module 'sync_fifo_fg' (80#1) [c:/drum_synthesis/drum_synthesis.srcs/sources_1/bd/design_1/ipshared/c387/hdl/lib_fifo_v1_0_rfs.vhd:2097]
INFO: [Synth 8-256] done synthesizing module 'axi_datamover_sfifo_autord' (81#1) [c:/drum_synthesis/drum_synthesis.srcs/sources_1/bd/design_1/ipshared/43a6/hdl/axi_datamover_v5_1_vh_rfs.vhd:1294]
INFO: [Synth 8-256] done synthesizing module 'axi_datamover_rd_sf' (82#1) [c:/drum_synthesis/drum_synthesis.srcs/sources_1/bd/design_1/ipshared/43a6/hdl/axi_datamover_v5_1_vh_rfs.vhd:20200]
INFO: [Synth 8-638] synthesizing module 'axi_datamover_skid_buf' [c:/drum_synthesis/drum_synthesis.srcs/sources_1/bd/design_1/ipshared/43a6/hdl/axi_datamover_v5_1_vh_rfs.vhd:19492]
INFO: [Synth 8-256] done synthesizing module 'axi_datamover_skid_buf' (83#1) [c:/drum_synthesis/drum_synthesis.srcs/sources_1/bd/design_1/ipshared/43a6/hdl/axi_datamover_v5_1_vh_rfs.vhd:19492]
INFO: [Synth 8-256] done synthesizing module 'axi_datamover_mm2s_full_wrap' (84#1) [c:/drum_synthesis/drum_synthesis.srcs/sources_1/bd/design_1/ipshared/43a6/hdl/axi_datamover_v5_1_vh_rfs.vhd:53548]
INFO: [Synth 8-638] synthesizing module 'axi_datamover_s2mm_omit_wrap' [c:/drum_synthesis/drum_synthesis.srcs/sources_1/bd/design_1/ipshared/43a6/hdl/axi_datamover_v5_1_vh_rfs.vhd:49590]
INFO: [Synth 8-256] done synthesizing module 'axi_datamover_s2mm_omit_wrap' (85#1) [c:/drum_synthesis/drum_synthesis.srcs/sources_1/bd/design_1/ipshared/43a6/hdl/axi_datamover_v5_1_vh_rfs.vhd:49590]
INFO: [Synth 8-256] done synthesizing module 'axi_datamover' (86#1) [c:/drum_synthesis/drum_synthesis.srcs/sources_1/bd/design_1/ipshared/43a6/hdl/axi_datamover_v5_1_vh_rfs.vhd:55410]
INFO: [Synth 8-256] done synthesizing module 'axi_dma' (87#1) [c:/drum_synthesis/drum_synthesis.srcs/sources_1/bd/design_1/ipshared/bb0b/hdl/axi_dma_v7_1_vh_rfs.vhd:21830]
INFO: [Synth 8-256] done synthesizing module 'design_1_axi_dma_0_0' (88#1) [c:/drum_synthesis/drum_synthesis.srcs/sources_1/bd/design_1/ip/design_1_axi_dma_0_0/synth/design_1_axi_dma_0_0.vhd:134]
Finished RTL Elaboration : Time (s): cpu = 00:02:37 ; elapsed = 00:02:39 . Memory (MB): peak = 648.883 ; gain = 355.543
Finished RTL Optimization Phase 1 : Time (s): cpu = 00:02:38 ; elapsed = 00:02:39 . Memory (MB): peak = 648.883 ; gain = 355.543
INFO: [Device 21-403] Loading part xc7z020clg484-1
Constraint Validation Runtime : Time (s): cpu = 00:00:00 ; elapsed = 00:00:00.079 . Memory (MB): peak = 790.340 ; gain = 0.000
Finished Constraint Validation : Time (s): cpu = 00:02:49 ; elapsed = 00:02:51 . Memory (MB): peak = 790.340 ; gain = 497.000
Finished Loading Part and Timing Information : Time (s): cpu = 00:02:49 ; elapsed = 00:02:51 . Memory (MB): peak = 790.340 ; gain = 497.000
Finished applying 'set_property' XDC Constraints : Time (s): cpu = 00:02:49 ; elapsed = 00:02:51 . Memory (MB): peak = 790.340 ; gain = 497.000
Finished RTL Optimization Phase 2 : Time (s): cpu = 00:02:52 ; elapsed = 00:02:54 . Memory (MB): peak = 790.340 ; gain = 497.000
Finished Cross Boundary and Area Optimization : Time (s): cpu = 00:02:56 ; elapsed = 00:02:58 . Memory (MB): peak = 790.340 ; gain = 497.000
Finished Applying XDC Timing Constraints : Time (s): cpu = 00:03:05 ; elapsed = 00:03:07 . Memory (MB): peak = 790.340 ; gain = 497.000
Finished Timing Optimization : Time (s): cpu = 00:03:08 ; elapsed = 00:03:10 . Memory (MB): peak = 824.730 ; gain = 531.391
Finished Technology Mapping : Time (s): cpu = 00:03:09 ; elapsed = 00:03:12 . Memory (MB): peak = 824.730 ; gain = 531.391
Finished IO Insertion : Time (s): cpu = 00:03:10 ; elapsed = 00:03:12 . Memory (MB): peak = 824.730 ; gain = 531.391
Finished Renaming Generated Instances : Time (s): cpu = 00:03:10 ; elapsed = 00:03:12 . Memory (MB): peak = 824.730 ; gain = 531.391
Finished Rebuilding User Hierarchy : Time (s): cpu = 00:03:10 ; elapsed = 00:03:12 . Memory (MB): peak = 824.730 ; gain = 531.391
Finished Renaming Generated Ports : Time (s): cpu = 00:03:10 ; elapsed = 00:03:12 . Memory (MB): peak = 824.730 ; gain = 531.391
Finished Handling Custom Attributes : Time (s): cpu = 00:03:10 ; elapsed = 00:03:13 . Memory (MB): peak = 824.730 ; gain = 531.391
Finished Renaming Generated Nets : Time (s): cpu = 00:03:10 ; elapsed = 00:03:13 . Memory (MB): peak = 824.730 ; gain = 531.391

Report Cell Usage: 
+------+---------+------+
|      |Cell     |Count |
+------+---------+------+
|1     |CARRY4   |    20|
|2     |LUT1     |    49|
|3     |LUT2     |   175|
|4     |LUT3     |   176|
|5     |LUT4     |   161|
|6     |LUT5     |   161|
|7     |LUT6     |   272|
|8     |RAMB36E1 |     1|
|9     |SRL16E   |    85|
|10    |FDR      |     8|
|11    |FDRE     |  1596|
|12    |FDSE     |    49|
+------+---------+------+
Finished Writing Synthesis Report : Time (s): cpu = 00:03:10 ; elapsed = 00:03:13 . Memory (MB): peak = 824.730 ; gain = 531.391
synth_design: Time (s): cpu = 00:03:13 ; elapsed = 00:03:15 . Memory (MB): peak = 824.730 ; gain = 538.918
