#-----------------------------------------------------------
# Webtalk v2017.2 (64-bit)
# SW Build 1909853 on Thu Jun 15 18:39:09 MDT 2017
# 
# Start of session at: Tue Feb 18 12:27:20 2020
# Process ID: 15940
# Current directory: C:/drum_synthesis/drum_synthesis.sdk/webtalk
# Command line: wbtcv.exe -mode batch -source sdk_webtalk.tcl
# Log file: C:/drum_synthesis/drum_synthesis.sdk/webtalk/webtalk.log
# Journal file: C:/drum_synthesis/drum_synthesis.sdk/webtalk\webtalk.jou
#-----------------------------------------------------------
source sdk_webtalk.tcl
# webtalk_init -webtalk_dir C:\\drum_synthesis\\drum_synthesis.sdk\\webtalk
# webtalk_register_client -client project
# webtalk_add_data -client project -key date_generated -value "2020-02-18 12:27:16" -context "software_version_and_target_device"
# webtalk_add_data -client project -key product_version -value "SDK v2017.2" -context "software_version_and_target_device"
# webtalk_add_data -client project -key build_version -value "2017.2" -context "software_version_and_target_device"
# webtalk_add_data -client project -key os_platform -value "amd64" -context "software_version_and_target_device"
# webtalk_add_data -client project -key registration_id -value "" -context "software_version_and_target_device"
# webtalk_add_data -client project -key tool_flow -value "SDK" -context "software_version_and_target_device"
# webtalk_add_data -client project -key beta -value "false" -context "software_version_and_target_device"
# webtalk_add_data -client project -key route_design -value "NA" -context "software_version_and_target_device"
# webtalk_add_data -client project -key target_family -value "NA" -context "software_version_and_target_device"
# webtalk_add_data -client project -key target_device -value "NA" -context "software_version_and_target_device"
# webtalk_add_data -client project -key target_package -value "NA" -context "software_version_and_target_device"
# webtalk_add_data -client project -key target_speed -value "NA" -context "software_version_and_target_device"
# webtalk_add_data -client project -key random_id -value "5fpur8o2ab77a2doh8u9c7s9at" -context "software_version_and_target_device"
# webtalk_add_data -client project -key project_id -value "2017.2_3" -context "software_version_and_target_device"
# webtalk_add_data -client project -key project_iteration -value "3" -context "software_version_and_target_device"
# webtalk_add_data -client project -key os_name -value "Microsoft Windows 8 or later , 64-bit" -context "user_environment"
# webtalk_add_data -client project -key os_release -value "major release  (build 9200)" -context "user_environment"
# webtalk_add_data -client project -key cpu_name -value "Intel(R) Core(TM) i7-4790 CPU @ 3.60GHz" -context "user_environment"
# webtalk_add_data -client project -key cpu_speed -value "3592 MHz" -context "user_environment"
# webtalk_add_data -client project -key total_processors -value "1" -context "user_environment"
# webtalk_add_data -client project -key system_ram -value "8.000 GB" -context "user_environment"
# webtalk_register_client -client sdk
# webtalk_add_data -client sdk -key uid -value "1582021253314" -context "sdk\\\\hardware/1582021253314"
# webtalk_add_data -client sdk -key isZynq -value "true" -context "sdk\\\\hardware/1582021253314"
# webtalk_add_data -client sdk -key isZynqMP -value "false" -context "sdk\\\\hardware/1582021253314"
# webtalk_add_data -client sdk -key Processors -value "2" -context "sdk\\\\hardware/1582021253314"
# webtalk_add_data -client sdk -key VivadoVersion -value "2017.2" -context "sdk\\\\hardware/1582021253314"
# webtalk_add_data -client sdk -key Arch -value "zynq" -context "sdk\\\\hardware/1582021253314"
# webtalk_add_data -client sdk -key Device -value "7z020" -context "sdk\\\\hardware/1582021253314"
# webtalk_add_data -client sdk -key IsHandoff -value "true" -context "sdk\\\\hardware/1582021253314"
# webtalk_add_data -client sdk -key os -value "NA" -context "sdk\\\\hardware/1582021253314"
# webtalk_add_data -client sdk -key apptemplate -value "NA" -context "sdk\\\\hardware/1582021253314"
# webtalk_add_data -client sdk -key RecordType -value "HWCreation" -context "sdk\\\\hardware/1582021253314"
# webtalk_add_data -client sdk -key uid -value "NA" -context "sdk\\\\bsp/1582021636931"
# webtalk_add_data -client sdk -key RecordType -value "ToolUsage" -context "sdk\\\\bsp/1582021636931"
# webtalk_add_data -client sdk -key BootgenCount -value "0" -context "sdk\\\\bsp/1582021636931"
# webtalk_add_data -client sdk -key DebugCount -value "0" -context "sdk\\\\bsp/1582021636931"
# webtalk_add_data -client sdk -key PerfCount -value "0" -context "sdk\\\\bsp/1582021636931"
# webtalk_add_data -client sdk -key FlashCount -value "0" -context "sdk\\\\bsp/1582021636931"
# webtalk_add_data -client sdk -key CrossTriggCount -value "0" -context "sdk\\\\bsp/1582021636931"
# webtalk_add_data -client sdk -key QemuDebugCount -value "0" -context "sdk\\\\bsp/1582021636931"
# webtalk_transmit -clientid 899164153 -regid "" -xml C:\\drum_synthesis\\drum_synthesis.sdk\\webtalk\\usage_statistics_ext_sdk.xml -html C:\\drum_synthesis\\drum_synthesis.sdk\\webtalk\\usage_statistics_ext_sdk.html -wdm C:\\drum_synthesis\\drum_synthesis.sdk\\webtalk\\sdk_webtalk.wdm -intro "<H3>SDK Usage Report</H3><BR>"
# webtalk_terminate
INFO: [Common 17-206] Exiting Webtalk at Tue Feb 18 12:27:21 2020...
