#-----------------------------------------------------------
# Webtalk v2017.2 (64-bit)
# SW Build 1909853 on Thu Jun 15 18:39:10 MDT 2017
# 
# Start of session at: Thu Feb 13 19:34:38 2020
# Process ID: 30591
# Current directory: /home/inf2015/vbiliouri/drum_synthesis/drum_synthesis.sdk/webtalk
# Command line: wbtcv -mode batch -source sdk_webtalk.tcl
# Log file: /home/inf2015/vbiliouri/drum_synthesis/drum_synthesis.sdk/webtalk/webtalk.log
# Journal file: /home/inf2015/vbiliouri/drum_synthesis/drum_synthesis.sdk/webtalk/webtalk.jou
#-----------------------------------------------------------
source sdk_webtalk.tcl
# webtalk_init -webtalk_dir /home/inf2015/vbiliouri/drum_synthesis/drum_synthesis.sdk/webtalk
# webtalk_register_client -client project
# webtalk_add_data -client project -key date_generated -value "2020-02-13 19:34:37" -context "software_version_and_target_device"
# webtalk_add_data -client project -key product_version -value "SDK v2017.2" -context "software_version_and_target_device"
# webtalk_add_data -client project -key build_version -value "2017.2" -context "software_version_and_target_device"
# webtalk_add_data -client project -key os_platform -value "amd64" -context "software_version_and_target_device"
# webtalk_add_data -client project -key registration_id -value "174166739_174166740_210572977_465" -context "software_version_and_target_device"
# webtalk_add_data -client project -key tool_flow -value "SDK" -context "software_version_and_target_device"
# webtalk_add_data -client project -key beta -value "false" -context "software_version_and_target_device"
# webtalk_add_data -client project -key route_design -value "NA" -context "software_version_and_target_device"
# webtalk_add_data -client project -key target_family -value "NA" -context "software_version_and_target_device"
# webtalk_add_data -client project -key target_device -value "NA" -context "software_version_and_target_device"
# webtalk_add_data -client project -key target_package -value "NA" -context "software_version_and_target_device"
# webtalk_add_data -client project -key target_speed -value "NA" -context "software_version_and_target_device"
# webtalk_add_data -client project -key random_id -value "9p5su6nsslkpmia8vrtthrgcv9" -context "software_version_and_target_device"
# webtalk_add_data -client project -key project_id -value "2017.2_16" -context "software_version_and_target_device"
# webtalk_add_data -client project -key project_iteration -value "16" -context "software_version_and_target_device"
# webtalk_add_data -client project -key os_name -value "openSUSE project" -context "user_environment"
# webtalk_add_data -client project -key os_release -value "openSUSE Leap 42.2" -context "user_environment"
# webtalk_add_data -client project -key cpu_name -value "Intel(R) Xeon(R) CPU E5-1603 v4 @ 2.80GHz" -context "user_environment"
# webtalk_add_data -client project -key cpu_speed -value "2799.999 MHz" -context "user_environment"
# webtalk_add_data -client project -key total_processors -value "1" -context "user_environment"
# webtalk_add_data -client project -key system_ram -value "33.000 GB" -context "user_environment"
# webtalk_register_client -client sdk
# webtalk_add_data -client sdk -key uid -value "1581614486000" -context "sdk\\\\hardware/1581614486000"
# webtalk_add_data -client sdk -key isZynq -value "true" -context "sdk\\\\hardware/1581614486000"
# webtalk_add_data -client sdk -key isZynqMP -value "false" -context "sdk\\\\hardware/1581614486000"
# webtalk_add_data -client sdk -key Processors -value "2" -context "sdk\\\\hardware/1581614486000"
# webtalk_add_data -client sdk -key VivadoVersion -value "2017.2" -context "sdk\\\\hardware/1581614486000"
# webtalk_add_data -client sdk -key Arch -value "zynq" -context "sdk\\\\hardware/1581614486000"
# webtalk_add_data -client sdk -key Device -value "7z020" -context "sdk\\\\hardware/1581614486000"
# webtalk_add_data -client sdk -key IsHandoff -value "true" -context "sdk\\\\hardware/1581614486000"
# webtalk_add_data -client sdk -key os -value "NA" -context "sdk\\\\hardware/1581614486000"
# webtalk_add_data -client sdk -key apptemplate -value "NA" -context "sdk\\\\hardware/1581614486000"
# webtalk_add_data -client sdk -key RecordType -value "HWCreation" -context "sdk\\\\hardware/1581614486000"
# webtalk_add_data -client sdk -key uid -value "1581614505000" -context "sdk\\\\bsp/1581614505000"
# webtalk_add_data -client sdk -key hwid -value "1581614486000" -context "sdk\\\\bsp/1581614505000"
# webtalk_add_data -client sdk -key os -value "standalone" -context "sdk\\\\bsp/1581614505000"
# webtalk_add_data -client sdk -key apptemplate -value "hello_world" -context "sdk\\\\bsp/1581614505000"
# webtalk_add_data -client sdk -key RecordType -value "BSPCreation" -context "sdk\\\\bsp/1581614505000"
# webtalk_add_data -client sdk -key uid -value "1581614508000" -context "sdk\\\\application/1581614508000"
# webtalk_add_data -client sdk -key hwid -value "1581614486000" -context "sdk\\\\application/1581614508000"
# webtalk_add_data -client sdk -key bspid -value "1581614505000" -context "sdk\\\\application/1581614508000"
# webtalk_add_data -client sdk -key newbsp -value "true" -context "sdk\\\\application/1581614508000"
# webtalk_add_data -client sdk -key os -value "standalone" -context "sdk\\\\application/1581614508000"
# webtalk_add_data -client sdk -key apptemplate -value "hello_world" -context "sdk\\\\application/1581614508000"
# webtalk_add_data -client sdk -key RecordType -value "APPCreation" -context "sdk\\\\application/1581614508000"
# webtalk_add_data -client sdk -key LangUsed -value "C" -context "sdk\\\\application/1581614508000"
# webtalk_add_data -client sdk -key Procused -value "ps7_cortexa9" -context "sdk\\\\application/1581614508000"
# webtalk_add_data -client sdk -key projSize -value "335.30078125" -context "sdk\\\\application/1581614508000"
# webtalk_add_data -client sdk -key uid -value "NA" -context "sdk\\\\bsp/1581615277729"
# webtalk_add_data -client sdk -key RecordType -value "ToolUsage" -context "sdk\\\\bsp/1581615277729"
# webtalk_add_data -client sdk -key BootgenCount -value "0" -context "sdk\\\\bsp/1581615277729"
# webtalk_add_data -client sdk -key DebugCount -value "0" -context "sdk\\\\bsp/1581615277729"
# webtalk_add_data -client sdk -key PerfCount -value "0" -context "sdk\\\\bsp/1581615277729"
# webtalk_add_data -client sdk -key FlashCount -value "0" -context "sdk\\\\bsp/1581615277729"
# webtalk_add_data -client sdk -key CrossTriggCount -value "0" -context "sdk\\\\bsp/1581615277729"
# webtalk_add_data -client sdk -key QemuDebugCount -value "0" -context "sdk\\\\bsp/1581615277729"
# webtalk_transmit -clientid 1103788196 -regid "174166739_174166740_210572977_465" -xml /home/inf2015/vbiliouri/drum_synthesis/drum_synthesis.sdk/webtalk/usage_statistics_ext_sdk.xml -html /home/inf2015/vbiliouri/drum_synthesis/drum_synthesis.sdk/webtalk/usage_statistics_ext_sdk.html -wdm /home/inf2015/vbiliouri/drum_synthesis/drum_synthesis.sdk/webtalk/sdk_webtalk.wdm -intro "<H3>SDK Usage Report</H3><BR>"
# webtalk_terminate
INFO: [Common 17-206] Exiting Webtalk at Thu Feb 13 19:34:38 2020...
